{"timestamp":"2025-11-30T06:04:17.933034","level":"info","event":"Filling up the DagBag from /opt/airflow/dags/user.py","logger":"airflow.models.dagbag.DagBag"}
{"timestamp":"2025-11-30T06:04:48.670495","level":"info","event":"Filling up the DagBag from /opt/airflow/dags/user.py","logger":"airflow.models.dagbag.DagBag"}
{"timestamp":"2025-11-30T06:05:19.074059","level":"info","event":"Filling up the DagBag from /opt/airflow/dags/user.py","logger":"airflow.models.dagbag.DagBag"}
{"timestamp":"2025-11-30T06:05:49.505839","level":"info","event":"Filling up the DagBag from /opt/airflow/dags/user.py","logger":"airflow.models.dagbag.DagBag"}
{"timestamp":"2025-11-30T06:05:54.533843","level":"info","event":"Filling up the DagBag from /opt/airflow/dags/user.py","logger":"airflow.models.dagbag.DagBag"}
{"timestamp":"2025-11-30T06:06:04.692565","level":"info","event":"Filling up the DagBag from /opt/airflow/dags/user.py","logger":"airflow.models.dagbag.DagBag"}
{"timestamp":"2025-11-30T06:06:05.725717","level":"info","event":"Filling up the DagBag from /opt/airflow/dags/user.py","logger":"airflow.models.dagbag.DagBag"}
{"timestamp":"2025-11-30T06:07:13.667903","level":"info","event":"Filling up the DagBag from /opt/airflow/dags/user.py","logger":"airflow.models.dagbag.DagBag"}
{"timestamp":"2025-11-30T06:07:49.538067","level":"info","event":"Filling up the DagBag from /opt/airflow/dags/user.py","logger":"airflow.models.dagbag.DagBag"}
{"timestamp":"2025-11-30T06:09:26.227510","level":"info","event":"Filling up the DagBag from /opt/airflow/dags/user.py","logger":"airflow.models.dagbag.DagBag"}
{"timestamp":"2025-11-30T06:09:50.760793","level":"info","event":"Filling up the DagBag from /opt/airflow/dags/user.py","logger":"airflow.models.dagbag.DagBag"}
{"timestamp":"2025-11-30T06:10:39.509194","level":"info","event":"Filling up the DagBag from /opt/airflow/dags/user.py","logger":"airflow.models.dagbag.DagBag"}
{"timestamp":"2025-11-30T06:10:41.716051","level":"info","event":"Filling up the DagBag from /opt/airflow/dags/user.py","logger":"airflow.models.dagbag.DagBag"}
{"timestamp":"2025-11-30T06:10:52.843052","level":"info","event":"Filling up the DagBag from /opt/airflow/dags/user.py","logger":"airflow.models.dagbag.DagBag"}
{"timestamp":"2025-11-30T06:11:03.929614","level":"info","event":"Filling up the DagBag from /opt/airflow/dags/user.py","logger":"airflow.models.dagbag.DagBag"}
{"timestamp":"2025-11-30T06:12:21.099493","level":"info","event":"Filling up the DagBag from /opt/airflow/dags/user.py","logger":"airflow.models.dagbag.DagBag"}
{"timestamp":"2025-11-30T06:12:42.427550","level":"info","event":"Filling up the DagBag from /opt/airflow/dags/user.py","logger":"airflow.models.dagbag.DagBag"}
{"timestamp":"2025-11-30T06:13:17.908381","level":"info","event":"Filling up the DagBag from /opt/airflow/dags/user.py","logger":"airflow.models.dagbag.DagBag"}
{"timestamp":"2025-11-30T06:14:23.725541","level":"info","event":"Filling up the DagBag from /opt/airflow/dags/user.py","logger":"airflow.models.dagbag.DagBag"}
{"timestamp":"2025-11-30T06:14:49.111775","level":"info","event":"Filling up the DagBag from /opt/airflow/dags/user.py","logger":"airflow.models.dagbag.DagBag"}
{"timestamp":"2025-11-30T06:16:25.444801","level":"info","event":"Filling up the DagBag from /opt/airflow/dags/user.py","logger":"airflow.models.dagbag.DagBag"}
{"timestamp":"2025-11-30T06:18:52.114080","level":"info","event":"Filling up the DagBag from /opt/airflow/dags/user.py","logger":"airflow.models.dagbag.DagBag"}
{"timestamp":"2025-11-30T06:19:25.886400","level":"info","event":"Filling up the DagBag from /opt/airflow/dags/user.py","logger":"airflow.models.dagbag.DagBag"}
{"timestamp":"2025-11-30T06:19:56.557489","level":"info","event":"Filling up the DagBag from /opt/airflow/dags/user.py","logger":"airflow.models.dagbag.DagBag"}
{"timestamp":"2025-11-30T06:20:27.242694","level":"info","event":"Filling up the DagBag from /opt/airflow/dags/user.py","logger":"airflow.models.dagbag.DagBag"}
{"timestamp":"2025-11-30T06:20:57.959134","level":"info","event":"Filling up the DagBag from /opt/airflow/dags/user.py","logger":"airflow.models.dagbag.DagBag"}
{"timestamp":"2025-11-30T06:21:28.684572","level":"info","event":"Filling up the DagBag from /opt/airflow/dags/user.py","logger":"airflow.models.dagbag.DagBag"}
{"timestamp":"2025-11-30T06:21:59.313536","level":"info","event":"Filling up the DagBag from /opt/airflow/dags/user.py","logger":"airflow.models.dagbag.DagBag"}
{"timestamp":"2025-11-30T06:22:29.987644","level":"info","event":"Filling up the DagBag from /opt/airflow/dags/user.py","logger":"airflow.models.dagbag.DagBag"}
{"timestamp":"2025-11-30T06:23:00.619213","level":"info","event":"Filling up the DagBag from /opt/airflow/dags/user.py","logger":"airflow.models.dagbag.DagBag"}
{"timestamp":"2025-11-30T06:23:31.235801","level":"info","event":"Filling up the DagBag from /opt/airflow/dags/user.py","logger":"airflow.models.dagbag.DagBag"}
{"timestamp":"2025-11-30T06:24:01.907733","level":"info","event":"Filling up the DagBag from /opt/airflow/dags/user.py","logger":"airflow.models.dagbag.DagBag"}
{"timestamp":"2025-11-30T06:24:32.559064","level":"info","event":"Filling up the DagBag from /opt/airflow/dags/user.py","logger":"airflow.models.dagbag.DagBag"}
{"timestamp":"2025-11-30T06:24:39.813162","level":"info","event":"Filling up the DagBag from /opt/airflow/dags/user.py","logger":"airflow.models.dagbag.DagBag"}
{"timestamp":"2025-11-30T06:24:43.010228","level":"info","event":"Filling up the DagBag from /opt/airflow/dags/user.py","logger":"airflow.models.dagbag.DagBag"}
{"timestamp":"2025-11-30T06:24:43.053197","level":"error","event":"Failed to import: /opt/airflow/dags/user.py","logger":"airflow.models.dagbag.DagBag","error_detail":[{"exc_type":"SyntaxError","exc_value":"expected ':' (user.py, line 4)","exc_notes":[],"syntax_error":{"offset":23,"filename":"/opt/airflow/dags/user.py","line":"def user(self) -> dict[]:\n","lineno":4,"msg":"expected ':'"},"is_cause":false,"frames":[{"filename":"/home/airflow/.local/lib/python3.12/site-packages/airflow/models/dagbag.py","lineno":384,"name":"parse"},{"filename":"<frozen importlib._bootstrap_external>","lineno":995,"name":"exec_module"},{"filename":"<frozen importlib._bootstrap_external>","lineno":1133,"name":"get_code"},{"filename":"<frozen importlib._bootstrap_external>","lineno":1063,"name":"source_to_code"},{"filename":"<frozen importlib._bootstrap>","lineno":488,"name":"_call_with_frames_removed"}]}]}
{"timestamp":"2025-11-30T06:24:44.185755","level":"info","event":"Filling up the DagBag from /opt/airflow/dags/user.py","logger":"airflow.models.dagbag.DagBag"}
{"timestamp":"2025-11-30T06:25:14.940990","level":"info","event":"Filling up the DagBag from /opt/airflow/dags/user.py","logger":"airflow.models.dagbag.DagBag"}
{"timestamp":"2025-11-30T06:25:45.699361","level":"info","event":"Filling up the DagBag from /opt/airflow/dags/user.py","logger":"airflow.models.dagbag.DagBag"}
{"timestamp":"2025-11-30T06:26:16.454570","level":"info","event":"Filling up the DagBag from /opt/airflow/dags/user.py","logger":"airflow.models.dagbag.DagBag"}
{"timestamp":"2025-11-30T06:26:47.214032","level":"info","event":"Filling up the DagBag from /opt/airflow/dags/user.py","logger":"airflow.models.dagbag.DagBag"}
{"timestamp":"2025-11-30T06:27:18.042582","level":"info","event":"Filling up the DagBag from /opt/airflow/dags/user.py","logger":"airflow.models.dagbag.DagBag"}
{"timestamp":"2025-11-30T06:27:48.836511","level":"info","event":"Filling up the DagBag from /opt/airflow/dags/user.py","logger":"airflow.models.dagbag.DagBag"}
{"timestamp":"2025-11-30T06:28:18.572284","level":"info","event":"Filling up the DagBag from /opt/airflow/dags/user.py","logger":"airflow.models.dagbag.DagBag"}
{"timestamp":"2025-11-30T06:28:21.780139","level":"info","event":"Filling up the DagBag from /opt/airflow/dags/user.py","logger":"airflow.models.dagbag.DagBag"}
{"timestamp":"2025-11-30T06:28:21.821943","level":"error","event":"Failed to import: /opt/airflow/dags/user.py","logger":"airflow.models.dagbag.DagBag","error_detail":[{"exc_type":"SyntaxError","exc_value":"invalid syntax (user.py, line 10)","exc_notes":[],"syntax_error":{"offset":0,"filename":"/opt/airflow/dags/user.py","line":"@asset","lineno":10,"msg":"invalid syntax"},"is_cause":false,"frames":[{"filename":"/home/airflow/.local/lib/python3.12/site-packages/airflow/models/dagbag.py","lineno":384,"name":"parse"},{"filename":"<frozen importlib._bootstrap_external>","lineno":995,"name":"exec_module"},{"filename":"<frozen importlib._bootstrap_external>","lineno":1133,"name":"get_code"},{"filename":"<frozen importlib._bootstrap_external>","lineno":1063,"name":"source_to_code"},{"filename":"<frozen importlib._bootstrap>","lineno":488,"name":"_call_with_frames_removed"}]}]}
{"timestamp":"2025-11-30T06:28:25.958608","level":"info","event":"Filling up the DagBag from /opt/airflow/dags/user.py","logger":"airflow.models.dagbag.DagBag"}
{"timestamp":"2025-11-30T06:28:26.004025","level":"error","event":"Failed to import: /opt/airflow/dags/user.py","logger":"airflow.models.dagbag.DagBag","error_detail":[{"exc_type":"SyntaxError","exc_value":"invalid syntax (user.py, line 11)","exc_notes":[],"syntax_error":{"offset":0,"filename":"/opt/airflow/dags/user.py","line":"@asset","lineno":11,"msg":"invalid syntax"},"is_cause":false,"frames":[{"filename":"/home/airflow/.local/lib/python3.12/site-packages/airflow/models/dagbag.py","lineno":384,"name":"parse"},{"filename":"<frozen importlib._bootstrap_external>","lineno":995,"name":"exec_module"},{"filename":"<frozen importlib._bootstrap_external>","lineno":1133,"name":"get_code"},{"filename":"<frozen importlib._bootstrap_external>","lineno":1063,"name":"source_to_code"},{"filename":"<frozen importlib._bootstrap>","lineno":488,"name":"_call_with_frames_removed"}]}]}
{"timestamp":"2025-11-30T06:28:30.148567","level":"info","event":"Filling up the DagBag from /opt/airflow/dags/user.py","logger":"airflow.models.dagbag.DagBag"}
{"timestamp":"2025-11-30T06:28:30.165502","level":"error","event":"Failed to import: /opt/airflow/dags/user.py","logger":"airflow.models.dagbag.DagBag","error_detail":[{"exc_type":"SyntaxError","exc_value":"invalid syntax (user.py, line 10)","exc_notes":[],"syntax_error":{"offset":0,"filename":"/opt/airflow/dags/user.py","line":"@asset","lineno":10,"msg":"invalid syntax"},"is_cause":false,"frames":[{"filename":"/home/airflow/.local/lib/python3.12/site-packages/airflow/models/dagbag.py","lineno":384,"name":"parse"},{"filename":"<frozen importlib._bootstrap_external>","lineno":995,"name":"exec_module"},{"filename":"<frozen importlib._bootstrap_external>","lineno":1133,"name":"get_code"},{"filename":"<frozen importlib._bootstrap_external>","lineno":1063,"name":"source_to_code"},{"filename":"<frozen importlib._bootstrap>","lineno":488,"name":"_call_with_frames_removed"}]}]}
{"timestamp":"2025-11-30T06:28:35.322373","level":"info","event":"Filling up the DagBag from /opt/airflow/dags/user.py","logger":"airflow.models.dagbag.DagBag"}
{"timestamp":"2025-11-30T06:28:35.380856","level":"error","event":"Failed to import: /opt/airflow/dags/user.py","logger":"airflow.models.dagbag.DagBag","error_detail":[{"exc_type":"SyntaxError","exc_value":"expected argument value expression (user.py, line 10)","exc_notes":[],"syntax_error":{"offset":8,"filename":"/opt/airflow/dags/user.py","line":"@asset(schedule=)","lineno":10,"msg":"expected argument value expression"},"is_cause":false,"frames":[{"filename":"/home/airflow/.local/lib/python3.12/site-packages/airflow/models/dagbag.py","lineno":384,"name":"parse"},{"filename":"<frozen importlib._bootstrap_external>","lineno":995,"name":"exec_module"},{"filename":"<frozen importlib._bootstrap_external>","lineno":1133,"name":"get_code"},{"filename":"<frozen importlib._bootstrap_external>","lineno":1063,"name":"source_to_code"},{"filename":"<frozen importlib._bootstrap>","lineno":488,"name":"_call_with_frames_removed"}]}]}
{"timestamp":"2025-11-30T06:28:37.543818","level":"info","event":"Filling up the DagBag from /opt/airflow/dags/user.py","logger":"airflow.models.dagbag.DagBag"}
{"timestamp":"2025-11-30T06:28:37.613140","level":"error","event":"Failed to import: /opt/airflow/dags/user.py","logger":"airflow.models.dagbag.DagBag","error_detail":[{"exc_type":"SyntaxError","exc_value":"invalid syntax (user.py, line 10)","exc_notes":[],"syntax_error":{"offset":0,"filename":"/opt/airflow/dags/user.py","line":"@asset(schedule=user)","lineno":10,"msg":"invalid syntax"},"is_cause":false,"frames":[{"filename":"/home/airflow/.local/lib/python3.12/site-packages/airflow/models/dagbag.py","lineno":384,"name":"parse"},{"filename":"<frozen importlib._bootstrap_external>","lineno":995,"name":"exec_module"},{"filename":"<frozen importlib._bootstrap_external>","lineno":1133,"name":"get_code"},{"filename":"<frozen importlib._bootstrap_external>","lineno":1063,"name":"source_to_code"},{"filename":"<frozen importlib._bootstrap>","lineno":488,"name":"_call_with_frames_removed"}]}]}
{"timestamp":"2025-11-30T06:28:39.915177","level":"info","event":"Filling up the DagBag from /opt/airflow/dags/user.py","logger":"airflow.models.dagbag.DagBag"}
{"timestamp":"2025-11-30T06:28:39.961149","level":"error","event":"Failed to import: /opt/airflow/dags/user.py","logger":"airflow.models.dagbag.DagBag","error_detail":[{"exc_type":"SyntaxError","exc_value":"invalid syntax (user.py, line 11)","exc_notes":[],"syntax_error":{"offset":5,"filename":"/opt/airflow/dags/user.py","line":"def ","lineno":11,"msg":"invalid syntax"},"is_cause":false,"frames":[{"filename":"/home/airflow/.local/lib/python3.12/site-packages/airflow/models/dagbag.py","lineno":384,"name":"parse"},{"filename":"<frozen importlib._bootstrap_external>","lineno":995,"name":"exec_module"},{"filename":"<frozen importlib._bootstrap_external>","lineno":1133,"name":"get_code"},{"filename":"<frozen importlib._bootstrap_external>","lineno":1063,"name":"source_to_code"},{"filename":"<frozen importlib._bootstrap>","lineno":488,"name":"_call_with_frames_removed"}]}]}
{"timestamp":"2025-11-30T06:28:50.166283","level":"info","event":"Filling up the DagBag from /opt/airflow/dags/user.py","logger":"airflow.models.dagbag.DagBag"}
{"timestamp":"2025-11-30T06:28:50.206904","level":"error","event":"Failed to import: /opt/airflow/dags/user.py","logger":"airflow.models.dagbag.DagBag","error_detail":[{"exc_type":"SyntaxError","exc_value":"expected ':' (user.py, line 11)","exc_notes":[],"syntax_error":{"offset":20,"filename":"/opt/airflow/dags/user.py","line":"def user_location()","lineno":11,"msg":"expected ':'"},"is_cause":false,"frames":[{"filename":"/home/airflow/.local/lib/python3.12/site-packages/airflow/models/dagbag.py","lineno":384,"name":"parse"},{"filename":"<frozen importlib._bootstrap_external>","lineno":995,"name":"exec_module"},{"filename":"<frozen importlib._bootstrap_external>","lineno":1133,"name":"get_code"},{"filename":"<frozen importlib._bootstrap_external>","lineno":1063,"name":"source_to_code"},{"filename":"<frozen importlib._bootstrap>","lineno":488,"name":"_call_with_frames_removed"}]}]}
{"timestamp":"2025-11-30T06:29:01.551727","level":"info","event":"Filling up the DagBag from /opt/airflow/dags/user.py","logger":"airflow.models.dagbag.DagBag"}
{"timestamp":"2025-11-30T06:29:01.596166","level":"error","event":"Failed to import: /opt/airflow/dags/user.py","logger":"airflow.models.dagbag.DagBag","error_detail":[{"exc_type":"SyntaxError","exc_value":"expected ':' (user.py, line 11)","exc_notes":[],"syntax_error":{"offset":49,"filename":"/opt/airflow/dags/user.py","line":"def user_location(user: Asset, context: Context)","lineno":11,"msg":"expected ':'"},"is_cause":false,"frames":[{"filename":"/home/airflow/.local/lib/python3.12/site-packages/airflow/models/dagbag.py","lineno":384,"name":"parse"},{"filename":"<frozen importlib._bootstrap_external>","lineno":995,"name":"exec_module"},{"filename":"<frozen importlib._bootstrap_external>","lineno":1133,"name":"get_code"},{"filename":"<frozen importlib._bootstrap_external>","lineno":1063,"name":"source_to_code"},{"filename":"<frozen importlib._bootstrap>","lineno":488,"name":"_call_with_frames_removed"}]}]}
{"timestamp":"2025-11-30T06:29:07.774672","level":"info","event":"Filling up the DagBag from /opt/airflow/dags/user.py","logger":"airflow.models.dagbag.DagBag"}
{"timestamp":"2025-11-30T06:29:07.825115","level":"error","event":"Failed to import: /opt/airflow/dags/user.py","logger":"airflow.models.dagbag.DagBag","error_detail":[{"exc_type":"SyntaxError","exc_value":"expected ':' (user.py, line 11)","exc_notes":[],"syntax_error":{"offset":57,"filename":"/opt/airflow/dags/user.py","line":"def user_location(user: Asset, context: Context) -> dict","lineno":11,"msg":"expected ':'"},"is_cause":false,"frames":[{"filename":"/home/airflow/.local/lib/python3.12/site-packages/airflow/models/dagbag.py","lineno":384,"name":"parse"},{"filename":"<frozen importlib._bootstrap_external>","lineno":995,"name":"exec_module"},{"filename":"<frozen importlib._bootstrap_external>","lineno":1133,"name":"get_code"},{"filename":"<frozen importlib._bootstrap_external>","lineno":1063,"name":"source_to_code"},{"filename":"<frozen importlib._bootstrap>","lineno":488,"name":"_call_with_frames_removed"}]}]}
{"timestamp":"2025-11-30T06:29:10.115692","level":"info","event":"Filling up the DagBag from /opt/airflow/dags/user.py","logger":"airflow.models.dagbag.DagBag"}
{"timestamp":"2025-11-30T06:29:10.153970","level":"error","event":"Failed to import: /opt/airflow/dags/user.py","logger":"airflow.models.dagbag.DagBag","error_detail":[{"exc_type":"SyntaxError","exc_value":"expected ':' (user.py, line 11)","exc_notes":[],"syntax_error":{"offset":62,"filename":"/opt/airflow/dags/user.py","line":"def user_location(user: Asset, context: Context) -> dict[str]","lineno":11,"msg":"expected ':'"},"is_cause":false,"frames":[{"filename":"/home/airflow/.local/lib/python3.12/site-packages/airflow/models/dagbag.py","lineno":384,"name":"parse"},{"filename":"<frozen importlib._bootstrap_external>","lineno":995,"name":"exec_module"},{"filename":"<frozen importlib._bootstrap_external>","lineno":1133,"name":"get_code"},{"filename":"<frozen importlib._bootstrap_external>","lineno":1063,"name":"source_to_code"},{"filename":"<frozen importlib._bootstrap>","lineno":488,"name":"_call_with_frames_removed"}]}]}
{"timestamp":"2025-11-30T06:29:11.304022","level":"info","event":"Filling up the DagBag from /opt/airflow/dags/user.py","logger":"airflow.models.dagbag.DagBag"}
{"timestamp":"2025-11-30T06:29:11.358796","level":"error","event":"Failed to import: /opt/airflow/dags/user.py","logger":"airflow.models.dagbag.DagBag","error_detail":[{"exc_type":"IndentationError","exc_value":"expected an indented block after function definition on line 11 (user.py, line 12)","exc_notes":[],"syntax_error":{"offset":5,"filename":"/opt/airflow/dags/user.py","line":"    ","lineno":12,"msg":"expected an indented block after function definition on line 11"},"is_cause":false,"frames":[{"filename":"/home/airflow/.local/lib/python3.12/site-packages/airflow/models/dagbag.py","lineno":384,"name":"parse"},{"filename":"<frozen importlib._bootstrap_external>","lineno":995,"name":"exec_module"},{"filename":"<frozen importlib._bootstrap_external>","lineno":1133,"name":"get_code"},{"filename":"<frozen importlib._bootstrap_external>","lineno":1063,"name":"source_to_code"},{"filename":"<frozen importlib._bootstrap>","lineno":488,"name":"_call_with_frames_removed"}]}]}
{"timestamp":"2025-11-30T06:29:16.495034","level":"info","event":"Filling up the DagBag from /opt/airflow/dags/user.py","logger":"airflow.models.dagbag.DagBag"}
{"timestamp":"2025-11-30T06:29:16.530075","level":"error","event":"Failed to import: /opt/airflow/dags/user.py","logger":"airflow.models.dagbag.DagBag","error_detail":[{"exc_type":"SyntaxError","exc_value":"invalid syntax (user.py, line 12)","exc_notes":[],"syntax_error":{"offset":17,"filename":"/opt/airflow/dags/user.py","line":"    user_data = ","lineno":12,"msg":"invalid syntax"},"is_cause":false,"frames":[{"filename":"/home/airflow/.local/lib/python3.12/site-packages/airflow/models/dagbag.py","lineno":384,"name":"parse"},{"filename":"<frozen importlib._bootstrap_external>","lineno":995,"name":"exec_module"},{"filename":"<frozen importlib._bootstrap_external>","lineno":1133,"name":"get_code"},{"filename":"<frozen importlib._bootstrap_external>","lineno":1063,"name":"source_to_code"},{"filename":"<frozen importlib._bootstrap>","lineno":488,"name":"_call_with_frames_removed"}]}]}
{"timestamp":"2025-11-30T06:29:22.723372","level":"info","event":"Filling up the DagBag from /opt/airflow/dags/user.py","logger":"airflow.models.dagbag.DagBag"}
{"timestamp":"2025-11-30T06:29:22.784866","level":"error","event":"Failed to import: /opt/airflow/dags/user.py","logger":"airflow.models.dagbag.DagBag","error_detail":[{"exc_type":"NameError","exc_value":"name 'Asset' is not defined","exc_notes":[],"syntax_error":null,"is_cause":false,"frames":[{"filename":"/home/airflow/.local/lib/python3.12/site-packages/airflow/models/dagbag.py","lineno":384,"name":"parse"},{"filename":"<frozen importlib._bootstrap_external>","lineno":999,"name":"exec_module"},{"filename":"<frozen importlib._bootstrap>","lineno":488,"name":"_call_with_frames_removed"},{"filename":"/opt/airflow/dags/user.py","lineno":11,"name":"<module>"}]}]}
{"timestamp":"2025-11-30T06:29:26.913323","level":"info","event":"Filling up the DagBag from /opt/airflow/dags/user.py","logger":"airflow.models.dagbag.DagBag"}
{"timestamp":"2025-11-30T06:29:26.995780","level":"error","event":"Failed to import: /opt/airflow/dags/user.py","logger":"airflow.models.dagbag.DagBag","error_detail":[{"exc_type":"NameError","exc_value":"name 'Asset' is not defined","exc_notes":[],"syntax_error":null,"is_cause":false,"frames":[{"filename":"/home/airflow/.local/lib/python3.12/site-packages/airflow/models/dagbag.py","lineno":384,"name":"parse"},{"filename":"<frozen importlib._bootstrap_external>","lineno":999,"name":"exec_module"},{"filename":"<frozen importlib._bootstrap>","lineno":488,"name":"_call_with_frames_removed"},{"filename":"/opt/airflow/dags/user.py","lineno":11,"name":"<module>"}]}]}
{"timestamp":"2025-11-30T06:29:34.176626","level":"info","event":"Filling up the DagBag from /opt/airflow/dags/user.py","logger":"airflow.models.dagbag.DagBag"}
{"timestamp":"2025-11-30T06:29:34.235957","level":"error","event":"Failed to import: /opt/airflow/dags/user.py","logger":"airflow.models.dagbag.DagBag","error_detail":[{"exc_type":"NameError","exc_value":"name 'Asset' is not defined","exc_notes":[],"syntax_error":null,"is_cause":false,"frames":[{"filename":"/home/airflow/.local/lib/python3.12/site-packages/airflow/models/dagbag.py","lineno":384,"name":"parse"},{"filename":"<frozen importlib._bootstrap_external>","lineno":999,"name":"exec_module"},{"filename":"<frozen importlib._bootstrap>","lineno":488,"name":"_call_with_frames_removed"},{"filename":"/opt/airflow/dags/user.py","lineno":11,"name":"<module>"}]}]}
{"timestamp":"2025-11-30T06:29:38.426601","level":"info","event":"Filling up the DagBag from /opt/airflow/dags/user.py","logger":"airflow.models.dagbag.DagBag"}
{"timestamp":"2025-11-30T06:29:38.472356","level":"error","event":"Failed to import: /opt/airflow/dags/user.py","logger":"airflow.models.dagbag.DagBag","error_detail":[{"exc_type":"SyntaxError","exc_value":"expected argument value expression (user.py, line 13)","exc_notes":[],"syntax_error":{"offset":9,"filename":"/opt/airflow/dags/user.py","line":"        dag_id = \n","lineno":13,"msg":"expected argument value expression"},"is_cause":false,"frames":[{"filename":"/home/airflow/.local/lib/python3.12/site-packages/airflow/models/dagbag.py","lineno":384,"name":"parse"},{"filename":"<frozen importlib._bootstrap_external>","lineno":995,"name":"exec_module"},{"filename":"<frozen importlib._bootstrap_external>","lineno":1133,"name":"get_code"},{"filename":"<frozen importlib._bootstrap_external>","lineno":1063,"name":"source_to_code"},{"filename":"<frozen importlib._bootstrap>","lineno":488,"name":"_call_with_frames_removed"}]}]}
{"timestamp":"2025-11-30T06:29:43.781491","level":"info","event":"Filling up the DagBag from /opt/airflow/dags/user.py","logger":"airflow.models.dagbag.DagBag"}
{"timestamp":"2025-11-30T06:29:43.798096","level":"error","event":"Failed to import: /opt/airflow/dags/user.py","logger":"airflow.models.dagbag.DagBag","error_detail":[{"exc_type":"SyntaxError","exc_value":"expected argument value expression (user.py, line 13)","exc_notes":[],"syntax_error":{"offset":9,"filename":"/opt/airflow/dags/user.py","line":"        dag_id = \n","lineno":13,"msg":"expected argument value expression"},"is_cause":false,"frames":[{"filename":"/home/airflow/.local/lib/python3.12/site-packages/airflow/models/dagbag.py","lineno":384,"name":"parse"},{"filename":"<frozen importlib._bootstrap_external>","lineno":995,"name":"exec_module"},{"filename":"<frozen importlib._bootstrap_external>","lineno":1133,"name":"get_code"},{"filename":"<frozen importlib._bootstrap_external>","lineno":1063,"name":"source_to_code"},{"filename":"<frozen importlib._bootstrap>","lineno":488,"name":"_call_with_frames_removed"}]}]}
{"timestamp":"2025-11-30T06:29:51.012400","level":"info","event":"Filling up the DagBag from /opt/airflow/dags/user.py","logger":"airflow.models.dagbag.DagBag"}
{"timestamp":"2025-11-30T06:29:51.057342","level":"error","event":"Failed to import: /opt/airflow/dags/user.py","logger":"airflow.models.dagbag.DagBag","error_detail":[{"exc_type":"SyntaxError","exc_value":"expected argument value expression (user.py, line 13)","exc_notes":[],"syntax_error":{"offset":9,"filename":"/opt/airflow/dags/user.py","line":"        dag_id=\n","lineno":13,"msg":"expected argument value expression"},"is_cause":false,"frames":[{"filename":"/home/airflow/.local/lib/python3.12/site-packages/airflow/models/dagbag.py","lineno":384,"name":"parse"},{"filename":"<frozen importlib._bootstrap_external>","lineno":995,"name":"exec_module"},{"filename":"<frozen importlib._bootstrap_external>","lineno":1133,"name":"get_code"},{"filename":"<frozen importlib._bootstrap_external>","lineno":1063,"name":"source_to_code"},{"filename":"<frozen importlib._bootstrap>","lineno":488,"name":"_call_with_frames_removed"}]}]}
{"timestamp":"2025-11-30T06:29:55.205323","level":"info","event":"Filling up the DagBag from /opt/airflow/dags/user.py","logger":"airflow.models.dagbag.DagBag"}
{"timestamp":"2025-11-30T06:29:55.283882","level":"error","event":"Failed to import: /opt/airflow/dags/user.py","logger":"airflow.models.dagbag.DagBag","error_detail":[{"exc_type":"NameError","exc_value":"name 'Asset' is not defined","exc_notes":[],"syntax_error":null,"is_cause":false,"frames":[{"filename":"/home/airflow/.local/lib/python3.12/site-packages/airflow/models/dagbag.py","lineno":384,"name":"parse"},{"filename":"<frozen importlib._bootstrap_external>","lineno":999,"name":"exec_module"},{"filename":"<frozen importlib._bootstrap>","lineno":488,"name":"_call_with_frames_removed"},{"filename":"/opt/airflow/dags/user.py","lineno":11,"name":"<module>"}]}]}
{"timestamp":"2025-11-30T06:30:01.483385","level":"info","event":"Filling up the DagBag from /opt/airflow/dags/user.py","logger":"airflow.models.dagbag.DagBag"}
{"timestamp":"2025-11-30T06:30:04.167133","level":"info","event":"Filling up the DagBag from /opt/airflow/dags/user.py","logger":"airflow.models.dagbag.DagBag"}
{"timestamp":"2025-11-30T06:30:08.366136","level":"info","event":"Filling up the DagBag from /opt/airflow/dags/user.py","logger":"airflow.models.dagbag.DagBag"}
{"timestamp":"2025-11-30T06:30:08.418284","level":"error","event":"Failed to import: /opt/airflow/dags/user.py","logger":"airflow.models.dagbag.DagBag","error_detail":[{"exc_type":"SyntaxError","exc_value":"expected argument value expression (user.py, line 14)","exc_notes":[],"syntax_error":{"offset":9,"filename":"/opt/airflow/dags/user.py","line":"        task_ids=\n","lineno":14,"msg":"expected argument value expression"},"is_cause":false,"frames":[{"filename":"/home/airflow/.local/lib/python3.12/site-packages/airflow/models/dagbag.py","lineno":384,"name":"parse"},{"filename":"<frozen importlib._bootstrap_external>","lineno":995,"name":"exec_module"},{"filename":"<frozen importlib._bootstrap_external>","lineno":1133,"name":"get_code"},{"filename":"<frozen importlib._bootstrap_external>","lineno":1063,"name":"source_to_code"},{"filename":"<frozen importlib._bootstrap>","lineno":488,"name":"_call_with_frames_removed"}]}]}
{"timestamp":"2025-11-30T06:30:13.736996","level":"info","event":"Filling up the DagBag from /opt/airflow/dags/user.py","logger":"airflow.models.dagbag.DagBag"}
{"timestamp":"2025-11-30T06:30:20.025032","level":"info","event":"Filling up the DagBag from /opt/airflow/dags/user.py","logger":"airflow.models.dagbag.DagBag"}
{"timestamp":"2025-11-30T06:30:20.071421","level":"error","event":"Failed to import: /opt/airflow/dags/user.py","logger":"airflow.models.dagbag.DagBag","error_detail":[{"exc_type":"SyntaxError","exc_value":"positional argument follows keyword argument (user.py, line 16)","exc_notes":[],"syntax_error":{"offset":5,"filename":"/opt/airflow/dags/user.py","line":"    )","lineno":16,"msg":"positional argument follows keyword argument"},"is_cause":false,"frames":[{"filename":"/home/airflow/.local/lib/python3.12/site-packages/airflow/models/dagbag.py","lineno":384,"name":"parse"},{"filename":"<frozen importlib._bootstrap_external>","lineno":995,"name":"exec_module"},{"filename":"<frozen importlib._bootstrap_external>","lineno":1133,"name":"get_code"},{"filename":"<frozen importlib._bootstrap_external>","lineno":1063,"name":"source_to_code"},{"filename":"<frozen importlib._bootstrap>","lineno":488,"name":"_call_with_frames_removed"}]}]}
{"timestamp":"2025-11-30T06:30:25.238315","level":"info","event":"Filling up the DagBag from /opt/airflow/dags/user.py","logger":"airflow.models.dagbag.DagBag"}
{"timestamp":"2025-11-30T06:30:25.296766","level":"error","event":"Failed to import: /opt/airflow/dags/user.py","logger":"airflow.models.dagbag.DagBag","error_detail":[{"exc_type":"SyntaxError","exc_value":"expected argument value expression (user.py, line 15)","exc_notes":[],"syntax_error":{"offset":9,"filename":"/opt/airflow/dags/user.py","line":"        include_prior_dates=\n","lineno":15,"msg":"expected argument value expression"},"is_cause":false,"frames":[{"filename":"/home/airflow/.local/lib/python3.12/site-packages/airflow/models/dagbag.py","lineno":384,"name":"parse"},{"filename":"<frozen importlib._bootstrap_external>","lineno":995,"name":"exec_module"},{"filename":"<frozen importlib._bootstrap_external>","lineno":1133,"name":"get_code"},{"filename":"<frozen importlib._bootstrap_external>","lineno":1063,"name":"source_to_code"},{"filename":"<frozen importlib._bootstrap>","lineno":488,"name":"_call_with_frames_removed"}]}]}
{"timestamp":"2025-11-30T06:30:27.436642","level":"info","event":"Filling up the DagBag from /opt/airflow/dags/user.py","logger":"airflow.models.dagbag.DagBag"}
{"timestamp":"2025-11-30T06:30:29.793670","level":"info","event":"Filling up the DagBag from /opt/airflow/dags/user.py","logger":"airflow.models.dagbag.DagBag"}
{"timestamp":"2025-11-30T06:30:34.135081","level":"info","event":"Filling up the DagBag from /opt/airflow/dags/user.py","logger":"airflow.models.dagbag.DagBag"}
{"timestamp":"2025-11-30T06:30:36.305520","level":"info","event":"Filling up the DagBag from /opt/airflow/dags/user.py","logger":"airflow.models.dagbag.DagBag"}
{"timestamp":"2025-11-30T06:30:39.485660","level":"info","event":"Filling up the DagBag from /opt/airflow/dags/user.py","logger":"airflow.models.dagbag.DagBag"}
{"timestamp":"2025-11-30T06:30:42.914303","level":"info","event":"Filling up the DagBag from /opt/airflow/dags/user.py","logger":"airflow.models.dagbag.DagBag"}
{"timestamp":"2025-11-30T06:30:45.140389","level":"info","event":"Filling up the DagBag from /opt/airflow/dags/user.py","logger":"airflow.models.dagbag.DagBag"}
{"timestamp":"2025-11-30T06:30:46.434513","level":"info","event":"Filling up the DagBag from /opt/airflow/dags/user.py","logger":"airflow.models.dagbag.DagBag"}
{"timestamp":"2025-11-30T06:30:46.501618","level":"error","event":"Failed to import: /opt/airflow/dags/user.py","logger":"airflow.models.dagbag.DagBag","error_detail":[{"exc_type":"SyntaxError","exc_value":"invalid syntax (user.py, line 17)","exc_notes":[],"syntax_error":{"offset":36,"filename":"/opt/airflow/dags/user.py","line":"    return user_data['results'][0][]","lineno":17,"msg":"invalid syntax"},"is_cause":false,"frames":[{"filename":"/home/airflow/.local/lib/python3.12/site-packages/airflow/models/dagbag.py","lineno":384,"name":"parse"},{"filename":"<frozen importlib._bootstrap_external>","lineno":995,"name":"exec_module"},{"filename":"<frozen importlib._bootstrap_external>","lineno":1133,"name":"get_code"},{"filename":"<frozen importlib._bootstrap_external>","lineno":1063,"name":"source_to_code"},{"filename":"<frozen importlib._bootstrap>","lineno":488,"name":"_call_with_frames_removed"}]}]}
{"timestamp":"2025-11-30T06:30:51.696655","level":"info","event":"Filling up the DagBag from /opt/airflow/dags/user.py","logger":"airflow.models.dagbag.DagBag"}
{"timestamp":"2025-11-30T06:30:54.863619","level":"info","event":"Filling up the DagBag from /opt/airflow/dags/user.py","logger":"airflow.models.dagbag.DagBag"}
{"timestamp":"2025-11-30T06:31:25.681169","level":"info","event":"Filling up the DagBag from /opt/airflow/dags/user.py","logger":"airflow.models.dagbag.DagBag"}
{"timestamp":"2025-11-30T06:31:56.499901","level":"info","event":"Filling up the DagBag from /opt/airflow/dags/user.py","logger":"airflow.models.dagbag.DagBag"}
{"timestamp":"2025-11-30T06:32:27.363886","level":"info","event":"Filling up the DagBag from /opt/airflow/dags/user.py","logger":"airflow.models.dagbag.DagBag"}
{"timestamp":"2025-11-30T06:32:58.081671","level":"info","event":"Filling up the DagBag from /opt/airflow/dags/user.py","logger":"airflow.models.dagbag.DagBag"}
{"timestamp":"2025-11-30T06:33:28.842405","level":"info","event":"Filling up the DagBag from /opt/airflow/dags/user.py","logger":"airflow.models.dagbag.DagBag"}
{"timestamp":"2025-11-30T06:33:59.626607","level":"info","event":"Filling up the DagBag from /opt/airflow/dags/user.py","logger":"airflow.models.dagbag.DagBag"}
{"timestamp":"2025-11-30T06:34:30.357969","level":"info","event":"Filling up the DagBag from /opt/airflow/dags/user.py","logger":"airflow.models.dagbag.DagBag"}
{"timestamp":"2025-11-30T06:35:01.196957","level":"info","event":"Filling up the DagBag from /opt/airflow/dags/user.py","logger":"airflow.models.dagbag.DagBag"}
{"timestamp":"2025-11-30T06:35:31.985575","level":"info","event":"Filling up the DagBag from /opt/airflow/dags/user.py","logger":"airflow.models.dagbag.DagBag"}
{"timestamp":"2025-11-30T06:35:45.272528","level":"info","event":"Filling up the DagBag from /opt/airflow/dags/user.py","logger":"airflow.models.dagbag.DagBag"}
{"timestamp":"2025-11-30T06:35:54.718719","level":"info","event":"Filling up the DagBag from /opt/airflow/dags/user.py","logger":"airflow.models.dagbag.DagBag"}
{"timestamp":"2025-11-30T06:35:57.926158","level":"info","event":"Filling up the DagBag from /opt/airflow/dags/user.py","logger":"airflow.models.dagbag.DagBag"}
{"timestamp":"2025-11-30T06:36:28.747885","level":"info","event":"Filling up the DagBag from /opt/airflow/dags/user.py","logger":"airflow.models.dagbag.DagBag"}
{"timestamp":"2025-11-30T06:36:59.456424","level":"info","event":"Filling up the DagBag from /opt/airflow/dags/user.py","logger":"airflow.models.dagbag.DagBag"}
{"timestamp":"2025-11-30T06:37:30.192474","level":"info","event":"Filling up the DagBag from /opt/airflow/dags/user.py","logger":"airflow.models.dagbag.DagBag"}
{"timestamp":"2025-11-30T06:38:00.999221","level":"info","event":"Filling up the DagBag from /opt/airflow/dags/user.py","logger":"airflow.models.dagbag.DagBag"}
{"timestamp":"2025-11-30T06:38:31.833679","level":"info","event":"Filling up the DagBag from /opt/airflow/dags/user.py","logger":"airflow.models.dagbag.DagBag"}
{"timestamp":"2025-11-30T06:39:02.609521","level":"info","event":"Filling up the DagBag from /opt/airflow/dags/user.py","logger":"airflow.models.dagbag.DagBag"}
{"timestamp":"2025-11-30T06:39:33.406179","level":"info","event":"Filling up the DagBag from /opt/airflow/dags/user.py","logger":"airflow.models.dagbag.DagBag"}
{"timestamp":"2025-11-30T06:40:04.162250","level":"info","event":"Filling up the DagBag from /opt/airflow/dags/user.py","logger":"airflow.models.dagbag.DagBag"}
{"timestamp":"2025-11-30T06:40:34.882694","level":"info","event":"Filling up the DagBag from /opt/airflow/dags/user.py","logger":"airflow.models.dagbag.DagBag"}
{"timestamp":"2025-11-30T06:41:05.677966","level":"info","event":"Filling up the DagBag from /opt/airflow/dags/user.py","logger":"airflow.models.dagbag.DagBag"}
{"timestamp":"2025-11-30T06:41:36.386445","level":"info","event":"Filling up the DagBag from /opt/airflow/dags/user.py","logger":"airflow.models.dagbag.DagBag"}
{"timestamp":"2025-11-30T06:42:07.227709","level":"info","event":"Filling up the DagBag from /opt/airflow/dags/user.py","logger":"airflow.models.dagbag.DagBag"}
{"timestamp":"2025-11-30T06:42:38.005241","level":"info","event":"Filling up the DagBag from /opt/airflow/dags/user.py","logger":"airflow.models.dagbag.DagBag"}
{"timestamp":"2025-11-30T06:42:42.264118","level":"info","event":"Filling up the DagBag from /opt/airflow/dags/user.py","logger":"airflow.models.dagbag.DagBag"}
{"timestamp":"2025-11-30T06:42:44.479276","level":"info","event":"Filling up the DagBag from /opt/airflow/dags/user.py","logger":"airflow.models.dagbag.DagBag"}
{"timestamp":"2025-11-30T06:42:48.693778","level":"info","event":"Filling up the DagBag from /opt/airflow/dags/user.py","logger":"airflow.models.dagbag.DagBag"}
{"timestamp":"2025-11-30T06:42:59.044168","level":"info","event":"Filling up the DagBag from /opt/airflow/dags/user.py","logger":"airflow.models.dagbag.DagBag"}
{"timestamp":"2025-11-30T06:43:00.292826","level":"info","event":"Filling up the DagBag from /opt/airflow/dags/user.py","logger":"airflow.models.dagbag.DagBag"}
{"timestamp":"2025-11-30T06:43:03.561009","level":"info","event":"Filling up the DagBag from /opt/airflow/dags/user.py","logger":"airflow.models.dagbag.DagBag"}
{"timestamp":"2025-11-30T06:43:05.773698","level":"info","event":"Filling up the DagBag from /opt/airflow/dags/user.py","logger":"airflow.models.dagbag.DagBag"}
{"timestamp":"2025-11-30T06:43:05.824976","level":"error","event":"Failed to import: /opt/airflow/dags/user.py","logger":"airflow.models.dagbag.DagBag","error_detail":[{"exc_type":"SyntaxError","exc_value":"positional argument follows keyword argument (user.py, line 12)","exc_notes":[],"syntax_error":{"offset":8,"filename":"/opt/airflow/dags/user.py","line":"    out)\n","lineno":12,"msg":"positional argument follows keyword argument"},"is_cause":false,"frames":[{"filename":"/home/airflow/.local/lib/python3.12/site-packages/airflow/models/dagbag.py","lineno":384,"name":"parse"},{"filename":"<frozen importlib._bootstrap_external>","lineno":995,"name":"exec_module"},{"filename":"<frozen importlib._bootstrap_external>","lineno":1133,"name":"get_code"},{"filename":"<frozen importlib._bootstrap_external>","lineno":1063,"name":"source_to_code"},{"filename":"<frozen importlib._bootstrap>","lineno":488,"name":"_call_with_frames_removed"}]}]}
{"timestamp":"2025-11-30T06:43:08.948127","level":"info","event":"Filling up the DagBag from /opt/airflow/dags/user.py","logger":"airflow.models.dagbag.DagBag"}
{"timestamp":"2025-11-30T06:43:09.034446","level":"error","event":"Failed to import: /opt/airflow/dags/user.py","logger":"airflow.models.dagbag.DagBag","error_detail":[{"exc_type":"SyntaxError","exc_value":"expected argument value expression (user.py, line 12)","exc_notes":[],"syntax_error":{"offset":5,"filename":"/opt/airflow/dags/user.py","line":"    outlets=)\n","lineno":12,"msg":"expected argument value expression"},"is_cause":false,"frames":[{"filename":"/home/airflow/.local/lib/python3.12/site-packages/airflow/models/dagbag.py","lineno":384,"name":"parse"},{"filename":"<frozen importlib._bootstrap_external>","lineno":995,"name":"exec_module"},{"filename":"<frozen importlib._bootstrap_external>","lineno":1133,"name":"get_code"},{"filename":"<frozen importlib._bootstrap_external>","lineno":1063,"name":"source_to_code"},{"filename":"<frozen importlib._bootstrap>","lineno":488,"name":"_call_with_frames_removed"}]}]}
{"timestamp":"2025-11-30T06:43:12.231876","level":"info","event":"Filling up the DagBag from /opt/airflow/dags/user.py","logger":"airflow.models.dagbag.DagBag"}
{"timestamp":"2025-11-30T06:43:12.285655","level":"error","event":"Failed to import: /opt/airflow/dags/user.py","logger":"airflow.models.dagbag.DagBag","error_detail":[{"exc_type":"TypeError","exc_value":"asset.__init__() got an unexpected keyword argument 'outlets'","exc_notes":[],"syntax_error":null,"is_cause":false,"frames":[{"filename":"/home/airflow/.local/lib/python3.12/site-packages/airflow/models/dagbag.py","lineno":384,"name":"parse"},{"filename":"<frozen importlib._bootstrap_external>","lineno":999,"name":"exec_module"},{"filename":"<frozen importlib._bootstrap>","lineno":488,"name":"_call_with_frames_removed"},{"filename":"/opt/airflow/dags/user.py","lineno":10,"name":"<module>"}]}]}
{"timestamp":"2025-11-30T06:43:16.448141","level":"info","event":"Filling up the DagBag from /opt/airflow/dags/user.py","logger":"airflow.models.dagbag.DagBag"}
{"timestamp":"2025-11-30T06:43:16.505891","level":"error","event":"Failed to import: /opt/airflow/dags/user.py","logger":"airflow.models.dagbag.DagBag","error_detail":[{"exc_type":"SyntaxError","exc_value":"invalid syntax (user.py, line 13)","exc_notes":[],"syntax_error":{"offset":14,"filename":"/opt/airflow/dags/user.py","line":"        Asset=\n","lineno":13,"msg":"invalid syntax"},"is_cause":false,"frames":[{"filename":"/home/airflow/.local/lib/python3.12/site-packages/airflow/models/dagbag.py","lineno":384,"name":"parse"},{"filename":"<frozen importlib._bootstrap_external>","lineno":995,"name":"exec_module"},{"filename":"<frozen importlib._bootstrap_external>","lineno":1133,"name":"get_code"},{"filename":"<frozen importlib._bootstrap_external>","lineno":1063,"name":"source_to_code"},{"filename":"<frozen importlib._bootstrap>","lineno":488,"name":"_call_with_frames_removed"}]}]}
{"timestamp":"2025-11-30T06:43:17.605604","level":"info","event":"Filling up the DagBag from /opt/airflow/dags/user.py","logger":"airflow.models.dagbag.DagBag"}
{"timestamp":"2025-11-30T06:43:17.672619","level":"error","event":"Failed to import: /opt/airflow/dags/user.py","logger":"airflow.models.dagbag.DagBag","error_detail":[{"exc_type":"TypeError","exc_value":"asset.__init__() got an unexpected keyword argument 'outlets'","exc_notes":[],"syntax_error":null,"is_cause":false,"frames":[{"filename":"/home/airflow/.local/lib/python3.12/site-packages/airflow/models/dagbag.py","lineno":384,"name":"parse"},{"filename":"<frozen importlib._bootstrap_external>","lineno":999,"name":"exec_module"},{"filename":"<frozen importlib._bootstrap>","lineno":488,"name":"_call_with_frames_removed"},{"filename":"/opt/airflow/dags/user.py","lineno":10,"name":"<module>"}]}]}
{"timestamp":"2025-11-30T06:43:20.802507","level":"info","event":"Filling up the DagBag from /opt/airflow/dags/user.py","logger":"airflow.models.dagbag.DagBag"}
{"timestamp":"2025-11-30T06:43:20.843627","level":"error","event":"Failed to import: /opt/airflow/dags/user.py","logger":"airflow.models.dagbag.DagBag","error_detail":[{"exc_type":"SyntaxError","exc_value":"expected argument value expression (user.py, line 13)","exc_notes":[],"syntax_error":{"offset":15,"filename":"/opt/airflow/dags/user.py","line":"        Asset(name=)\n","lineno":13,"msg":"expected argument value expression"},"is_cause":false,"frames":[{"filename":"/home/airflow/.local/lib/python3.12/site-packages/airflow/models/dagbag.py","lineno":384,"name":"parse"},{"filename":"<frozen importlib._bootstrap_external>","lineno":995,"name":"exec_module"},{"filename":"<frozen importlib._bootstrap_external>","lineno":1133,"name":"get_code"},{"filename":"<frozen importlib._bootstrap_external>","lineno":1063,"name":"source_to_code"},{"filename":"<frozen importlib._bootstrap>","lineno":488,"name":"_call_with_frames_removed"}]}]}
{"timestamp":"2025-11-30T06:43:25.990564","level":"info","event":"Filling up the DagBag from /opt/airflow/dags/user.py","logger":"airflow.models.dagbag.DagBag"}
{"timestamp":"2025-11-30T06:43:26.062395","level":"error","event":"Failed to import: /opt/airflow/dags/user.py","logger":"airflow.models.dagbag.DagBag","error_detail":[{"exc_type":"TypeError","exc_value":"asset.__init__() got an unexpected keyword argument 'outlets'","exc_notes":[],"syntax_error":null,"is_cause":false,"frames":[{"filename":"/home/airflow/.local/lib/python3.12/site-packages/airflow/models/dagbag.py","lineno":384,"name":"parse"},{"filename":"<frozen importlib._bootstrap_external>","lineno":999,"name":"exec_module"},{"filename":"<frozen importlib._bootstrap>","lineno":488,"name":"_call_with_frames_removed"},{"filename":"/opt/airflow/dags/user.py","lineno":10,"name":"<module>"}]}]}
{"timestamp":"2025-11-30T06:43:30.389433","level":"info","event":"Filling up the DagBag from /opt/airflow/dags/user.py","logger":"airflow.models.dagbag.DagBag"}
{"timestamp":"2025-11-30T06:43:30.474561","level":"error","event":"Failed to import: /opt/airflow/dags/user.py","logger":"airflow.models.dagbag.DagBag","error_detail":[{"exc_type":"TypeError","exc_value":"Asset() requires either 'name' or 'uri'","exc_notes":[],"syntax_error":null,"is_cause":false,"frames":[{"filename":"/home/airflow/.local/lib/python3.12/site-packages/airflow/models/dagbag.py","lineno":384,"name":"parse"},{"filename":"<frozen importlib._bootstrap_external>","lineno":999,"name":"exec_module"},{"filename":"<frozen importlib._bootstrap>","lineno":488,"name":"_call_with_frames_removed"},{"filename":"/opt/airflow/dags/user.py","lineno":14,"name":"<module>"},{"filename":"/home/airflow/.local/lib/python3.12/site-packages/airflow/sdk/definitions/asset/__init__.py","lineno":358,"name":"__init__"}]}]}
{"timestamp":"2025-11-30T06:43:41.702205","level":"info","event":"Filling up the DagBag from /opt/airflow/dags/user.py","logger":"airflow.models.dagbag.DagBag"}
{"timestamp":"2025-11-30T06:43:41.770647","level":"error","event":"Failed to import: /opt/airflow/dags/user.py","logger":"airflow.models.dagbag.DagBag","error_detail":[{"exc_type":"TypeError","exc_value":"asset.__init__() got an unexpected keyword argument 'outlets'","exc_notes":[],"syntax_error":null,"is_cause":false,"frames":[{"filename":"/home/airflow/.local/lib/python3.12/site-packages/airflow/models/dagbag.py","lineno":384,"name":"parse"},{"filename":"<frozen importlib._bootstrap_external>","lineno":999,"name":"exec_module"},{"filename":"<frozen importlib._bootstrap>","lineno":488,"name":"_call_with_frames_removed"},{"filename":"/opt/airflow/dags/user.py","lineno":10,"name":"<module>"}]}]}
{"timestamp":"2025-11-30T06:43:47.990928","level":"info","event":"Filling up the DagBag from /opt/airflow/dags/user.py","logger":"airflow.models.dagbag.DagBag"}
{"timestamp":"2025-11-30T06:43:48.089716","level":"error","event":"Failed to import: /opt/airflow/dags/user.py","logger":"airflow.models.dagbag.DagBag","error_detail":[{"exc_type":"TypeError","exc_value":"asset.__init__() got an unexpected keyword argument 'outlets'","exc_notes":[],"syntax_error":null,"is_cause":false,"frames":[{"filename":"/home/airflow/.local/lib/python3.12/site-packages/airflow/models/dagbag.py","lineno":384,"name":"parse"},{"filename":"<frozen importlib._bootstrap_external>","lineno":999,"name":"exec_module"},{"filename":"<frozen importlib._bootstrap>","lineno":488,"name":"_call_with_frames_removed"},{"filename":"/opt/airflow/dags/user.py","lineno":10,"name":"<module>"}]}]}
{"timestamp":"2025-11-30T06:43:52.252978","level":"info","event":"Filling up the DagBag from /opt/airflow/dags/user.py","logger":"airflow.models.dagbag.DagBag"}
{"timestamp":"2025-11-30T06:43:52.304036","level":"error","event":"Failed to import: /opt/airflow/dags/user.py","logger":"airflow.models.dagbag.DagBag","error_detail":[{"exc_type":"TypeError","exc_value":"asset.__init__() got an unexpected keyword argument 'outlets'","exc_notes":[],"syntax_error":null,"is_cause":false,"frames":[{"filename":"/home/airflow/.local/lib/python3.12/site-packages/airflow/models/dagbag.py","lineno":384,"name":"parse"},{"filename":"<frozen importlib._bootstrap_external>","lineno":999,"name":"exec_module"},{"filename":"<frozen importlib._bootstrap>","lineno":488,"name":"_call_with_frames_removed"},{"filename":"/opt/airflow/dags/user.py","lineno":10,"name":"<module>"}]}]}
{"timestamp":"2025-11-30T06:43:54.409782","level":"info","event":"Filling up the DagBag from /opt/airflow/dags/user.py","logger":"airflow.models.dagbag.DagBag"}
{"timestamp":"2025-11-30T06:43:54.462504","level":"error","event":"Failed to import: /opt/airflow/dags/user.py","logger":"airflow.models.dagbag.DagBag","error_detail":[{"exc_type":"TypeError","exc_value":"asset.__init__() got an unexpected keyword argument 'outlets'","exc_notes":[],"syntax_error":null,"is_cause":false,"frames":[{"filename":"/home/airflow/.local/lib/python3.12/site-packages/airflow/models/dagbag.py","lineno":384,"name":"parse"},{"filename":"<frozen importlib._bootstrap_external>","lineno":999,"name":"exec_module"},{"filename":"<frozen importlib._bootstrap>","lineno":488,"name":"_call_with_frames_removed"},{"filename":"/opt/airflow/dags/user.py","lineno":10,"name":"<module>"}]}]}
{"timestamp":"2025-11-30T06:43:56.574983","level":"info","event":"Filling up the DagBag from /opt/airflow/dags/user.py","logger":"airflow.models.dagbag.DagBag"}
{"timestamp":"2025-11-30T06:43:56.621334","level":"error","event":"Failed to import: /opt/airflow/dags/user.py","logger":"airflow.models.dagbag.DagBag","error_detail":[{"exc_type":"TypeError","exc_value":"asset.__init__() got an unexpected keyword argument 'outlets'","exc_notes":[],"syntax_error":null,"is_cause":false,"frames":[{"filename":"/home/airflow/.local/lib/python3.12/site-packages/airflow/models/dagbag.py","lineno":384,"name":"parse"},{"filename":"<frozen importlib._bootstrap_external>","lineno":999,"name":"exec_module"},{"filename":"<frozen importlib._bootstrap>","lineno":488,"name":"_call_with_frames_removed"},{"filename":"/opt/airflow/dags/user.py","lineno":10,"name":"<module>"}]}]}
{"timestamp":"2025-11-30T06:44:05.162922","level":"info","event":"Filling up the DagBag from /opt/airflow/dags/user.py","logger":"airflow.models.dagbag.DagBag"}
{"timestamp":"2025-11-30T06:44:05.218961","level":"error","event":"Failed to import: /opt/airflow/dags/user.py","logger":"airflow.models.dagbag.DagBag","error_detail":[{"exc_type":"SyntaxError","exc_value":"'[' was never closed (user.py, line 17)","exc_notes":[],"syntax_error":{"offset":53,"filename":"/opt/airflow/dags/user.py","line":"def user_info(user: Asset, context: Context) -> list[dict[str]:\n","lineno":17,"msg":"'[' was never closed"},"is_cause":false,"frames":[{"filename":"/home/airflow/.local/lib/python3.12/site-packages/airflow/models/dagbag.py","lineno":384,"name":"parse"},{"filename":"<frozen importlib._bootstrap_external>","lineno":995,"name":"exec_module"},{"filename":"<frozen importlib._bootstrap_external>","lineno":1133,"name":"get_code"},{"filename":"<frozen importlib._bootstrap_external>","lineno":1063,"name":"source_to_code"},{"filename":"<frozen importlib._bootstrap>","lineno":488,"name":"_call_with_frames_removed"}]}]}
{"timestamp":"2025-11-30T06:44:09.363622","level":"info","event":"Filling up the DagBag from /opt/airflow/dags/user.py","logger":"airflow.models.dagbag.DagBag"}
{"timestamp":"2025-11-30T06:44:09.424272","level":"error","event":"Failed to import: /opt/airflow/dags/user.py","logger":"airflow.models.dagbag.DagBag","error_detail":[{"exc_type":"TypeError","exc_value":"asset.__init__() got an unexpected keyword argument 'outlets'","exc_notes":[],"syntax_error":null,"is_cause":false,"frames":[{"filename":"/home/airflow/.local/lib/python3.12/site-packages/airflow/models/dagbag.py","lineno":384,"name":"parse"},{"filename":"<frozen importlib._bootstrap_external>","lineno":999,"name":"exec_module"},{"filename":"<frozen importlib._bootstrap>","lineno":488,"name":"_call_with_frames_removed"},{"filename":"/opt/airflow/dags/user.py","lineno":10,"name":"<module>"}]}]}
{"timestamp":"2025-11-30T06:44:17.626441","level":"info","event":"Filling up the DagBag from /opt/airflow/dags/user.py","logger":"airflow.models.dagbag.DagBag"}
{"timestamp":"2025-11-30T06:44:17.666337","level":"error","event":"Failed to import: /opt/airflow/dags/user.py","logger":"airflow.models.dagbag.DagBag","error_detail":[{"exc_type":"SyntaxError","exc_value":"'[' was never closed (user.py, line 23)","exc_notes":[],"syntax_error":{"offset":12,"filename":"/opt/airflow/dags/user.py","line":"    return [\n","lineno":23,"msg":"'[' was never closed"},"is_cause":false,"frames":[{"filename":"/home/airflow/.local/lib/python3.12/site-packages/airflow/models/dagbag.py","lineno":384,"name":"parse"},{"filename":"<frozen importlib._bootstrap_external>","lineno":995,"name":"exec_module"},{"filename":"<frozen importlib._bootstrap_external>","lineno":1133,"name":"get_code"},{"filename":"<frozen importlib._bootstrap_external>","lineno":1063,"name":"source_to_code"},{"filename":"<frozen importlib._bootstrap>","lineno":488,"name":"_call_with_frames_removed"}]}]}
{"timestamp":"2025-11-30T06:44:27.932356","level":"info","event":"Filling up the DagBag from /opt/airflow/dags/user.py","logger":"airflow.models.dagbag.DagBag"}
{"timestamp":"2025-11-30T06:44:27.972599","level":"error","event":"Failed to import: /opt/airflow/dags/user.py","logger":"airflow.models.dagbag.DagBag","error_detail":[{"exc_type":"SyntaxError","exc_value":"'[' was never closed (user.py, line 23)","exc_notes":[],"syntax_error":{"offset":12,"filename":"/opt/airflow/dags/user.py","line":"    return [\n","lineno":23,"msg":"'[' was never closed"},"is_cause":false,"frames":[{"filename":"/home/airflow/.local/lib/python3.12/site-packages/airflow/models/dagbag.py","lineno":384,"name":"parse"},{"filename":"<frozen importlib._bootstrap_external>","lineno":995,"name":"exec_module"},{"filename":"<frozen importlib._bootstrap_external>","lineno":1133,"name":"get_code"},{"filename":"<frozen importlib._bootstrap_external>","lineno":1063,"name":"source_to_code"},{"filename":"<frozen importlib._bootstrap>","lineno":488,"name":"_call_with_frames_removed"}]}]}
{"timestamp":"2025-11-30T06:44:31.114386","level":"info","event":"Filling up the DagBag from /opt/airflow/dags/user.py","logger":"airflow.models.dagbag.DagBag"}
{"timestamp":"2025-11-30T06:44:31.173129","level":"error","event":"Failed to import: /opt/airflow/dags/user.py","logger":"airflow.models.dagbag.DagBag","error_detail":[{"exc_type":"SyntaxError","exc_value":"'[' was never closed (user.py, line 23)","exc_notes":[],"syntax_error":{"offset":12,"filename":"/opt/airflow/dags/user.py","line":"    return [\n","lineno":23,"msg":"'[' was never closed"},"is_cause":false,"frames":[{"filename":"/home/airflow/.local/lib/python3.12/site-packages/airflow/models/dagbag.py","lineno":384,"name":"parse"},{"filename":"<frozen importlib._bootstrap_external>","lineno":995,"name":"exec_module"},{"filename":"<frozen importlib._bootstrap_external>","lineno":1133,"name":"get_code"},{"filename":"<frozen importlib._bootstrap_external>","lineno":1063,"name":"source_to_code"},{"filename":"<frozen importlib._bootstrap>","lineno":488,"name":"_call_with_frames_removed"}]}]}
{"timestamp":"2025-11-30T06:44:34.361910","level":"info","event":"Filling up the DagBag from /opt/airflow/dags/user.py","logger":"airflow.models.dagbag.DagBag"}
{"timestamp":"2025-11-30T06:44:34.409464","level":"error","event":"Failed to import: /opt/airflow/dags/user.py","logger":"airflow.models.dagbag.DagBag","error_detail":[{"exc_type":"SyntaxError","exc_value":"'[' was never closed (user.py, line 23)","exc_notes":[],"syntax_error":{"offset":12,"filename":"/opt/airflow/dags/user.py","line":"    return [\n","lineno":23,"msg":"'[' was never closed"},"is_cause":false,"frames":[{"filename":"/home/airflow/.local/lib/python3.12/site-packages/airflow/models/dagbag.py","lineno":384,"name":"parse"},{"filename":"<frozen importlib._bootstrap_external>","lineno":995,"name":"exec_module"},{"filename":"<frozen importlib._bootstrap_external>","lineno":1133,"name":"get_code"},{"filename":"<frozen importlib._bootstrap_external>","lineno":1063,"name":"source_to_code"},{"filename":"<frozen importlib._bootstrap>","lineno":488,"name":"_call_with_frames_removed"}]}]}
{"timestamp":"2025-11-30T06:44:35.520472","level":"info","event":"Filling up the DagBag from /opt/airflow/dags/user.py","logger":"airflow.models.dagbag.DagBag"}
{"timestamp":"2025-11-30T06:44:35.575502","level":"error","event":"Failed to import: /opt/airflow/dags/user.py","logger":"airflow.models.dagbag.DagBag","error_detail":[{"exc_type":"SyntaxError","exc_value":"'[' was never closed (user.py, line 23)","exc_notes":[],"syntax_error":{"offset":12,"filename":"/opt/airflow/dags/user.py","line":"    return [\n","lineno":23,"msg":"'[' was never closed"},"is_cause":false,"frames":[{"filename":"/home/airflow/.local/lib/python3.12/site-packages/airflow/models/dagbag.py","lineno":384,"name":"parse"},{"filename":"<frozen importlib._bootstrap_external>","lineno":995,"name":"exec_module"},{"filename":"<frozen importlib._bootstrap_external>","lineno":1133,"name":"get_code"},{"filename":"<frozen importlib._bootstrap_external>","lineno":1063,"name":"source_to_code"},{"filename":"<frozen importlib._bootstrap>","lineno":488,"name":"_call_with_frames_removed"}]}]}
{"timestamp":"2025-11-30T06:44:37.676220","level":"info","event":"Filling up the DagBag from /opt/airflow/dags/user.py","logger":"airflow.models.dagbag.DagBag"}
{"timestamp":"2025-11-30T06:44:37.746886","level":"error","event":"Failed to import: /opt/airflow/dags/user.py","logger":"airflow.models.dagbag.DagBag","error_detail":[{"exc_type":"TypeError","exc_value":"asset.__init__() got an unexpected keyword argument 'outlets'","exc_notes":[],"syntax_error":null,"is_cause":false,"frames":[{"filename":"/home/airflow/.local/lib/python3.12/site-packages/airflow/models/dagbag.py","lineno":384,"name":"parse"},{"filename":"<frozen importlib._bootstrap_external>","lineno":999,"name":"exec_module"},{"filename":"<frozen importlib._bootstrap>","lineno":488,"name":"_call_with_frames_removed"},{"filename":"/opt/airflow/dags/user.py","lineno":10,"name":"<module>"}]}]}
{"timestamp":"2025-11-30T06:44:43.918136","level":"info","event":"Filling up the DagBag from /opt/airflow/dags/user.py","logger":"airflow.models.dagbag.DagBag"}
{"timestamp":"2025-11-30T06:44:43.987366","level":"error","event":"Failed to import: /opt/airflow/dags/user.py","logger":"airflow.models.dagbag.DagBag","error_detail":[{"exc_type":"TypeError","exc_value":"asset.__init__() got an unexpected keyword argument 'outlets'","exc_notes":[],"syntax_error":null,"is_cause":false,"frames":[{"filename":"/home/airflow/.local/lib/python3.12/site-packages/airflow/models/dagbag.py","lineno":384,"name":"parse"},{"filename":"<frozen importlib._bootstrap_external>","lineno":999,"name":"exec_module"},{"filename":"<frozen importlib._bootstrap>","lineno":488,"name":"_call_with_frames_removed"},{"filename":"/opt/airflow/dags/user.py","lineno":10,"name":"<module>"}]}]}
{"timestamp":"2025-11-30T06:44:47.125703","level":"info","event":"Filling up the DagBag from /opt/airflow/dags/user.py","logger":"airflow.models.dagbag.DagBag"}
{"timestamp":"2025-11-30T06:44:47.172843","level":"error","event":"Failed to import: /opt/airflow/dags/user.py","logger":"airflow.models.dagbag.DagBag","error_detail":[{"exc_type":"SyntaxError","exc_value":"unmatched ')' (user.py, line 30)","exc_notes":[],"syntax_error":{"offset":1,"filename":"/opt/airflow/dags/user.py","line":")","lineno":30,"msg":"unmatched ')'"},"is_cause":false,"frames":[{"filename":"/home/airflow/.local/lib/python3.12/site-packages/airflow/models/dagbag.py","lineno":384,"name":"parse"},{"filename":"<frozen importlib._bootstrap_external>","lineno":995,"name":"exec_module"},{"filename":"<frozen importlib._bootstrap_external>","lineno":1133,"name":"get_code"},{"filename":"<frozen importlib._bootstrap_external>","lineno":1063,"name":"source_to_code"},{"filename":"<frozen importlib._bootstrap>","lineno":488,"name":"_call_with_frames_removed"}]}]}
{"timestamp":"2025-11-30T06:44:50.315405","level":"info","event":"Filling up the DagBag from /opt/airflow/dags/user.py","logger":"airflow.models.dagbag.DagBag"}
{"timestamp":"2025-11-30T06:44:50.355277","level":"error","event":"Failed to import: /opt/airflow/dags/user.py","logger":"airflow.models.dagbag.DagBag","error_detail":[{"exc_type":"SyntaxError","exc_value":"unmatched ')' (user.py, line 30)","exc_notes":[],"syntax_error":{"offset":1,"filename":"/opt/airflow/dags/user.py","line":")","lineno":30,"msg":"unmatched ')'"},"is_cause":false,"frames":[{"filename":"/home/airflow/.local/lib/python3.12/site-packages/airflow/models/dagbag.py","lineno":384,"name":"parse"},{"filename":"<frozen importlib._bootstrap_external>","lineno":995,"name":"exec_module"},{"filename":"<frozen importlib._bootstrap_external>","lineno":1133,"name":"get_code"},{"filename":"<frozen importlib._bootstrap_external>","lineno":1063,"name":"source_to_code"},{"filename":"<frozen importlib._bootstrap>","lineno":488,"name":"_call_with_frames_removed"}]}]}
{"timestamp":"2025-11-30T06:44:56.531713","level":"info","event":"Filling up the DagBag from /opt/airflow/dags/user.py","logger":"airflow.models.dagbag.DagBag"}
{"timestamp":"2025-11-30T06:44:56.633740","level":"error","event":"Failed to import: /opt/airflow/dags/user.py","logger":"airflow.models.dagbag.DagBag","error_detail":[{"exc_type":"TypeError","exc_value":"asset.__init__() got an unexpected keyword argument 'outlets'","exc_notes":[],"syntax_error":null,"is_cause":false,"frames":[{"filename":"/home/airflow/.local/lib/python3.12/site-packages/airflow/models/dagbag.py","lineno":384,"name":"parse"},{"filename":"<frozen importlib._bootstrap_external>","lineno":999,"name":"exec_module"},{"filename":"<frozen importlib._bootstrap>","lineno":488,"name":"_call_with_frames_removed"},{"filename":"/opt/airflow/dags/user.py","lineno":10,"name":"<module>"}]}]}
{"timestamp":"2025-11-30T06:44:57.746145","level":"info","event":"Filling up the DagBag from /opt/airflow/dags/user.py","logger":"airflow.models.dagbag.DagBag"}
{"timestamp":"2025-11-30T06:44:57.806037","level":"error","event":"Failed to import: /opt/airflow/dags/user.py","logger":"airflow.models.dagbag.DagBag","error_detail":[{"exc_type":"TypeError","exc_value":"asset.__init__() got an unexpected keyword argument 'outlets'","exc_notes":[],"syntax_error":null,"is_cause":false,"frames":[{"filename":"/home/airflow/.local/lib/python3.12/site-packages/airflow/models/dagbag.py","lineno":384,"name":"parse"},{"filename":"<frozen importlib._bootstrap_external>","lineno":999,"name":"exec_module"},{"filename":"<frozen importlib._bootstrap>","lineno":488,"name":"_call_with_frames_removed"},{"filename":"/opt/airflow/dags/user.py","lineno":10,"name":"<module>"}]}]}
{"timestamp":"2025-11-30T06:45:08.215471","level":"info","event":"Filling up the DagBag from /opt/airflow/dags/user.py","logger":"airflow.models.dagbag.DagBag"}
{"timestamp":"2025-11-30T06:45:08.284525","level":"error","event":"Failed to import: /opt/airflow/dags/user.py","logger":"airflow.models.dagbag.DagBag","error_detail":[{"exc_type":"TypeError","exc_value":"asset.__init__() got an unexpected keyword argument 'outlets'","exc_notes":[],"syntax_error":null,"is_cause":false,"frames":[{"filename":"/home/airflow/.local/lib/python3.12/site-packages/airflow/models/dagbag.py","lineno":384,"name":"parse"},{"filename":"<frozen importlib._bootstrap_external>","lineno":999,"name":"exec_module"},{"filename":"<frozen importlib._bootstrap>","lineno":488,"name":"_call_with_frames_removed"},{"filename":"/opt/airflow/dags/user.py","lineno":10,"name":"<module>"}]}]}
{"timestamp":"2025-11-30T06:45:38.924682","level":"info","event":"Filling up the DagBag from /opt/airflow/dags/user.py","logger":"airflow.models.dagbag.DagBag"}
{"timestamp":"2025-11-30T06:45:38.939654","level":"error","event":"Failed to import: /opt/airflow/dags/user.py","logger":"airflow.models.dagbag.DagBag","error_detail":[{"exc_type":"TypeError","exc_value":"asset.__init__() got an unexpected keyword argument 'outlets'","exc_notes":[],"syntax_error":null,"is_cause":false,"frames":[{"filename":"/home/airflow/.local/lib/python3.12/site-packages/airflow/models/dagbag.py","lineno":384,"name":"parse"},{"filename":"<frozen importlib._bootstrap_external>","lineno":999,"name":"exec_module"},{"filename":"<frozen importlib._bootstrap>","lineno":488,"name":"_call_with_frames_removed"},{"filename":"/opt/airflow/dags/user.py","lineno":10,"name":"<module>"}]}]}
{"timestamp":"2025-11-30T06:46:01.375662","level":"info","event":"Filling up the DagBag from /opt/airflow/dags/user.py","logger":"airflow.models.dagbag.DagBag"}
{"timestamp":"2025-11-30T06:46:32.274175","level":"info","event":"Filling up the DagBag from /opt/airflow/dags/user.py","logger":"airflow.models.dagbag.DagBag"}
{"timestamp":"2025-11-30T06:47:03.043442","level":"info","event":"Filling up the DagBag from /opt/airflow/dags/user.py","logger":"airflow.models.dagbag.DagBag"}
{"timestamp":"2025-11-30T06:47:33.974730","level":"info","event":"Filling up the DagBag from /opt/airflow/dags/user.py","logger":"airflow.models.dagbag.DagBag"}
{"timestamp":"2025-11-30T06:48:04.670722","level":"info","event":"Filling up the DagBag from /opt/airflow/dags/user.py","logger":"airflow.models.dagbag.DagBag"}
{"timestamp":"2025-11-30T06:48:35.388462","level":"info","event":"Filling up the DagBag from /opt/airflow/dags/user.py","logger":"airflow.models.dagbag.DagBag"}
{"timestamp":"2025-11-30T06:49:06.229758","level":"info","event":"Filling up the DagBag from /opt/airflow/dags/user.py","logger":"airflow.models.dagbag.DagBag"}
{"timestamp":"2025-11-30T06:49:36.941456","level":"info","event":"Filling up the DagBag from /opt/airflow/dags/user.py","logger":"airflow.models.dagbag.DagBag"}
{"timestamp":"2025-11-30T06:50:07.776341","level":"info","event":"Filling up the DagBag from /opt/airflow/dags/user.py","logger":"airflow.models.dagbag.DagBag"}
{"timestamp":"2025-11-30T06:50:38.536072","level":"info","event":"Filling up the DagBag from /opt/airflow/dags/user.py","logger":"airflow.models.dagbag.DagBag"}
{"timestamp":"2025-11-30T06:51:09.254420","level":"info","event":"Filling up the DagBag from /opt/airflow/dags/user.py","logger":"airflow.models.dagbag.DagBag"}
{"timestamp":"2025-11-30T06:51:40.006218","level":"info","event":"Filling up the DagBag from /opt/airflow/dags/user.py","logger":"airflow.models.dagbag.DagBag"}
{"timestamp":"2025-11-30T06:52:10.757626","level":"info","event":"Filling up the DagBag from /opt/airflow/dags/user.py","logger":"airflow.models.dagbag.DagBag"}
{"timestamp":"2025-11-30T06:52:41.481817","level":"info","event":"Filling up the DagBag from /opt/airflow/dags/user.py","logger":"airflow.models.dagbag.DagBag"}
{"timestamp":"2025-11-30T06:53:12.258175","level":"info","event":"Filling up the DagBag from /opt/airflow/dags/user.py","logger":"airflow.models.dagbag.DagBag"}
{"timestamp":"2025-11-30T06:53:42.985235","level":"info","event":"Filling up the DagBag from /opt/airflow/dags/user.py","logger":"airflow.models.dagbag.DagBag"}
{"timestamp":"2025-11-30T06:54:13.730750","level":"info","event":"Filling up the DagBag from /opt/airflow/dags/user.py","logger":"airflow.models.dagbag.DagBag"}
{"timestamp":"2025-11-30T06:54:44.525884","level":"info","event":"Filling up the DagBag from /opt/airflow/dags/user.py","logger":"airflow.models.dagbag.DagBag"}
{"timestamp":"2025-11-30T06:55:15.259528","level":"info","event":"Filling up the DagBag from /opt/airflow/dags/user.py","logger":"airflow.models.dagbag.DagBag"}
{"timestamp":"2025-11-30T06:55:46.019602","level":"info","event":"Filling up the DagBag from /opt/airflow/dags/user.py","logger":"airflow.models.dagbag.DagBag"}
{"timestamp":"2025-11-30T06:56:16.780959","level":"info","event":"Filling up the DagBag from /opt/airflow/dags/user.py","logger":"airflow.models.dagbag.DagBag"}
{"timestamp":"2025-11-30T06:56:47.519657","level":"info","event":"Filling up the DagBag from /opt/airflow/dags/user.py","logger":"airflow.models.dagbag.DagBag"}
{"timestamp":"2025-11-30T06:57:18.279631","level":"info","event":"Filling up the DagBag from /opt/airflow/dags/user.py","logger":"airflow.models.dagbag.DagBag"}
{"timestamp":"2025-11-30T06:57:49.007422","level":"info","event":"Filling up the DagBag from /opt/airflow/dags/user.py","logger":"airflow.models.dagbag.DagBag"}
{"timestamp":"2025-11-30T06:58:19.825399","level":"info","event":"Filling up the DagBag from /opt/airflow/dags/user.py","logger":"airflow.models.dagbag.DagBag"}
{"timestamp":"2025-11-30T06:58:50.658353","level":"info","event":"Filling up the DagBag from /opt/airflow/dags/user.py","logger":"airflow.models.dagbag.DagBag"}
{"timestamp":"2025-11-30T06:59:21.403702","level":"info","event":"Filling up the DagBag from /opt/airflow/dags/user.py","logger":"airflow.models.dagbag.DagBag"}
{"timestamp":"2025-11-30T06:59:52.126557","level":"info","event":"Filling up the DagBag from /opt/airflow/dags/user.py","logger":"airflow.models.dagbag.DagBag"}
{"timestamp":"2025-11-30T07:00:22.858495","level":"info","event":"Filling up the DagBag from /opt/airflow/dags/user.py","logger":"airflow.models.dagbag.DagBag"}
{"timestamp":"2025-11-30T07:00:53.624064","level":"info","event":"Filling up the DagBag from /opt/airflow/dags/user.py","logger":"airflow.models.dagbag.DagBag"}
{"timestamp":"2025-11-30T07:01:24.341926","level":"info","event":"Filling up the DagBag from /opt/airflow/dags/user.py","logger":"airflow.models.dagbag.DagBag"}
{"timestamp":"2025-11-30T07:01:55.114069","level":"info","event":"Filling up the DagBag from /opt/airflow/dags/user.py","logger":"airflow.models.dagbag.DagBag"}
{"timestamp":"2025-11-30T07:02:25.891274","level":"info","event":"Filling up the DagBag from /opt/airflow/dags/user.py","logger":"airflow.models.dagbag.DagBag"}
{"timestamp":"2025-11-30T07:02:56.641182","level":"info","event":"Filling up the DagBag from /opt/airflow/dags/user.py","logger":"airflow.models.dagbag.DagBag"}
{"timestamp":"2025-11-30T07:03:27.402644","level":"info","event":"Filling up the DagBag from /opt/airflow/dags/user.py","logger":"airflow.models.dagbag.DagBag"}
{"timestamp":"2025-11-30T07:03:58.154616","level":"info","event":"Filling up the DagBag from /opt/airflow/dags/user.py","logger":"airflow.models.dagbag.DagBag"}
{"timestamp":"2025-11-30T07:04:28.936687","level":"info","event":"Filling up the DagBag from /opt/airflow/dags/user.py","logger":"airflow.models.dagbag.DagBag"}
{"timestamp":"2025-11-30T07:04:59.705435","level":"info","event":"Filling up the DagBag from /opt/airflow/dags/user.py","logger":"airflow.models.dagbag.DagBag"}
{"timestamp":"2025-11-30T07:05:30.461720","level":"info","event":"Filling up the DagBag from /opt/airflow/dags/user.py","logger":"airflow.models.dagbag.DagBag"}
{"timestamp":"2025-11-30T07:06:01.212501","level":"info","event":"Filling up the DagBag from /opt/airflow/dags/user.py","logger":"airflow.models.dagbag.DagBag"}
{"timestamp":"2025-11-30T07:06:32.064267","level":"info","event":"Filling up the DagBag from /opt/airflow/dags/user.py","logger":"airflow.models.dagbag.DagBag"}
{"timestamp":"2025-11-30T07:07:02.845498","level":"info","event":"Filling up the DagBag from /opt/airflow/dags/user.py","logger":"airflow.models.dagbag.DagBag"}
{"timestamp":"2025-11-30T07:07:33.563047","level":"info","event":"Filling up the DagBag from /opt/airflow/dags/user.py","logger":"airflow.models.dagbag.DagBag"}
{"timestamp":"2025-11-30T07:08:04.349336","level":"info","event":"Filling up the DagBag from /opt/airflow/dags/user.py","logger":"airflow.models.dagbag.DagBag"}
{"timestamp":"2025-11-30T07:08:35.069698","level":"info","event":"Filling up the DagBag from /opt/airflow/dags/user.py","logger":"airflow.models.dagbag.DagBag"}
{"timestamp":"2025-11-30T07:09:05.811877","level":"info","event":"Filling up the DagBag from /opt/airflow/dags/user.py","logger":"airflow.models.dagbag.DagBag"}
{"timestamp":"2025-11-30T07:09:36.613575","level":"info","event":"Filling up the DagBag from /opt/airflow/dags/user.py","logger":"airflow.models.dagbag.DagBag"}
{"timestamp":"2025-11-30T07:10:07.414998","level":"info","event":"Filling up the DagBag from /opt/airflow/dags/user.py","logger":"airflow.models.dagbag.DagBag"}
{"timestamp":"2025-11-30T07:10:38.148277","level":"info","event":"Filling up the DagBag from /opt/airflow/dags/user.py","logger":"airflow.models.dagbag.DagBag"}
{"timestamp":"2025-11-30T07:11:08.905650","level":"info","event":"Filling up the DagBag from /opt/airflow/dags/user.py","logger":"airflow.models.dagbag.DagBag"}
{"timestamp":"2025-11-30T07:11:39.699514","level":"info","event":"Filling up the DagBag from /opt/airflow/dags/user.py","logger":"airflow.models.dagbag.DagBag"}
{"timestamp":"2025-11-30T07:12:10.492457","level":"info","event":"Filling up the DagBag from /opt/airflow/dags/user.py","logger":"airflow.models.dagbag.DagBag"}
{"timestamp":"2025-11-30T07:12:41.277397","level":"info","event":"Filling up the DagBag from /opt/airflow/dags/user.py","logger":"airflow.models.dagbag.DagBag"}
{"timestamp":"2025-11-30T07:13:12.173608","level":"info","event":"Filling up the DagBag from /opt/airflow/dags/user.py","logger":"airflow.models.dagbag.DagBag"}
{"timestamp":"2025-11-30T07:13:42.820650","level":"info","event":"Filling up the DagBag from /opt/airflow/dags/user.py","logger":"airflow.models.dagbag.DagBag"}
{"timestamp":"2025-11-30T07:14:13.468562","level":"info","event":"Filling up the DagBag from /opt/airflow/dags/user.py","logger":"airflow.models.dagbag.DagBag"}
{"timestamp":"2025-11-30T07:14:44.117014","level":"info","event":"Filling up the DagBag from /opt/airflow/dags/user.py","logger":"airflow.models.dagbag.DagBag"}
{"timestamp":"2025-11-30T07:16:01.944926","level":"info","event":"Filling up the DagBag from /opt/airflow/dags/user.py","logger":"airflow.models.dagbag.DagBag"}
{"timestamp":"2025-11-30T07:16:35.238771","level":"info","event":"Filling up the DagBag from /opt/airflow/dags/user.py","logger":"airflow.models.dagbag.DagBag"}
{"timestamp":"2025-11-30T07:17:06.366051","level":"info","event":"Filling up the DagBag from /opt/airflow/dags/user.py","logger":"airflow.models.dagbag.DagBag"}
{"timestamp":"2025-11-30T07:17:37.228390","level":"info","event":"Filling up the DagBag from /opt/airflow/dags/user.py","logger":"airflow.models.dagbag.DagBag"}
{"timestamp":"2025-11-30T07:18:08.042805","level":"info","event":"Filling up the DagBag from /opt/airflow/dags/user.py","logger":"airflow.models.dagbag.DagBag"}
{"timestamp":"2025-11-30T07:18:38.811603","level":"info","event":"Filling up the DagBag from /opt/airflow/dags/user.py","logger":"airflow.models.dagbag.DagBag"}
{"timestamp":"2025-11-30T07:19:09.551494","level":"info","event":"Filling up the DagBag from /opt/airflow/dags/user.py","logger":"airflow.models.dagbag.DagBag"}
{"timestamp":"2025-11-30T07:19:40.313188","level":"info","event":"Filling up the DagBag from /opt/airflow/dags/user.py","logger":"airflow.models.dagbag.DagBag"}
{"timestamp":"2025-11-30T07:20:11.055302","level":"info","event":"Filling up the DagBag from /opt/airflow/dags/user.py","logger":"airflow.models.dagbag.DagBag"}
{"timestamp":"2025-11-30T07:21:50.143514","level":"info","event":"Filling up the DagBag from /opt/airflow/dags/user.py","logger":"airflow.models.dagbag.DagBag"}
{"timestamp":"2025-11-30T07:22:21.844299","level":"info","event":"Filling up the DagBag from /opt/airflow/dags/user.py","logger":"airflow.models.dagbag.DagBag"}
{"timestamp":"2025-11-30T07:22:52.619951","level":"info","event":"Filling up the DagBag from /opt/airflow/dags/user.py","logger":"airflow.models.dagbag.DagBag"}
{"timestamp":"2025-11-30T07:23:23.285566","level":"info","event":"Filling up the DagBag from /opt/airflow/dags/user.py","logger":"airflow.models.dagbag.DagBag"}
{"timestamp":"2025-11-30T07:23:54.018411","level":"info","event":"Filling up the DagBag from /opt/airflow/dags/user.py","logger":"airflow.models.dagbag.DagBag"}
{"timestamp":"2025-11-30T07:24:24.738040","level":"info","event":"Filling up the DagBag from /opt/airflow/dags/user.py","logger":"airflow.models.dagbag.DagBag"}
{"timestamp":"2025-11-30T07:24:55.416311","level":"info","event":"Filling up the DagBag from /opt/airflow/dags/user.py","logger":"airflow.models.dagbag.DagBag"}
{"timestamp":"2025-11-30T07:25:26.084771","level":"info","event":"Filling up the DagBag from /opt/airflow/dags/user.py","logger":"airflow.models.dagbag.DagBag"}
{"timestamp":"2025-11-30T07:25:56.788808","level":"info","event":"Filling up the DagBag from /opt/airflow/dags/user.py","logger":"airflow.models.dagbag.DagBag"}
{"timestamp":"2025-11-30T07:26:27.424510","level":"info","event":"Filling up the DagBag from /opt/airflow/dags/user.py","logger":"airflow.models.dagbag.DagBag"}
{"timestamp":"2025-11-30T07:26:58.079130","level":"info","event":"Filling up the DagBag from /opt/airflow/dags/user.py","logger":"airflow.models.dagbag.DagBag"}
{"timestamp":"2025-11-30T07:27:28.739336","level":"info","event":"Filling up the DagBag from /opt/airflow/dags/user.py","logger":"airflow.models.dagbag.DagBag"}
{"timestamp":"2025-11-30T07:27:59.395079","level":"info","event":"Filling up the DagBag from /opt/airflow/dags/user.py","logger":"airflow.models.dagbag.DagBag"}
{"timestamp":"2025-11-30T07:28:30.082593","level":"info","event":"Filling up the DagBag from /opt/airflow/dags/user.py","logger":"airflow.models.dagbag.DagBag"}
{"timestamp":"2025-11-30T07:29:29.309944","level":"info","event":"Filling up the DagBag from /opt/airflow/dags/user.py","logger":"airflow.models.dagbag.DagBag"}
{"timestamp":"2025-11-30T07:30:01.142851","level":"info","event":"Filling up the DagBag from /opt/airflow/dags/user.py","logger":"airflow.models.dagbag.DagBag"}
{"timestamp":"2025-11-30T07:30:31.965509","level":"info","event":"Filling up the DagBag from /opt/airflow/dags/user.py","logger":"airflow.models.dagbag.DagBag"}
{"timestamp":"2025-11-30T07:31:02.900821","level":"info","event":"Filling up the DagBag from /opt/airflow/dags/user.py","logger":"airflow.models.dagbag.DagBag"}
{"timestamp":"2025-11-30T07:31:33.823699","level":"info","event":"Filling up the DagBag from /opt/airflow/dags/user.py","logger":"airflow.models.dagbag.DagBag"}
{"timestamp":"2025-11-30T07:32:04.764688","level":"info","event":"Filling up the DagBag from /opt/airflow/dags/user.py","logger":"airflow.models.dagbag.DagBag"}
{"timestamp":"2025-11-30T07:32:35.736716","level":"info","event":"Filling up the DagBag from /opt/airflow/dags/user.py","logger":"airflow.models.dagbag.DagBag"}
{"timestamp":"2025-11-30T07:33:06.704062","level":"info","event":"Filling up the DagBag from /opt/airflow/dags/user.py","logger":"airflow.models.dagbag.DagBag"}
{"timestamp":"2025-11-30T07:33:37.666844","level":"info","event":"Filling up the DagBag from /opt/airflow/dags/user.py","logger":"airflow.models.dagbag.DagBag"}
{"timestamp":"2025-11-30T07:34:08.694877","level":"info","event":"Filling up the DagBag from /opt/airflow/dags/user.py","logger":"airflow.models.dagbag.DagBag"}
{"timestamp":"2025-11-30T07:34:39.669038","level":"info","event":"Filling up the DagBag from /opt/airflow/dags/user.py","logger":"airflow.models.dagbag.DagBag"}
{"timestamp":"2025-11-30T07:35:10.600611","level":"info","event":"Filling up the DagBag from /opt/airflow/dags/user.py","logger":"airflow.models.dagbag.DagBag"}
{"timestamp":"2025-11-30T07:36:08.346211","level":"info","event":"Filling up the DagBag from /opt/airflow/dags/user.py","logger":"airflow.models.dagbag.DagBag"}
{"timestamp":"2025-11-30T07:36:39.932617","level":"info","event":"Filling up the DagBag from /opt/airflow/dags/user.py","logger":"airflow.models.dagbag.DagBag"}
{"timestamp":"2025-11-30T07:37:10.774072","level":"info","event":"Filling up the DagBag from /opt/airflow/dags/user.py","logger":"airflow.models.dagbag.DagBag"}
{"timestamp":"2025-11-30T07:37:41.713745","level":"info","event":"Filling up the DagBag from /opt/airflow/dags/user.py","logger":"airflow.models.dagbag.DagBag"}
{"timestamp":"2025-11-30T07:38:12.593368","level":"info","event":"Filling up the DagBag from /opt/airflow/dags/user.py","logger":"airflow.models.dagbag.DagBag"}
{"timestamp":"2025-11-30T07:38:43.425581","level":"info","event":"Filling up the DagBag from /opt/airflow/dags/user.py","logger":"airflow.models.dagbag.DagBag"}
{"timestamp":"2025-11-30T07:39:14.307054","level":"info","event":"Filling up the DagBag from /opt/airflow/dags/user.py","logger":"airflow.models.dagbag.DagBag"}
{"timestamp":"2025-11-30T07:39:45.226901","level":"info","event":"Filling up the DagBag from /opt/airflow/dags/user.py","logger":"airflow.models.dagbag.DagBag"}
{"timestamp":"2025-11-30T07:40:16.026689","level":"info","event":"Filling up the DagBag from /opt/airflow/dags/user.py","logger":"airflow.models.dagbag.DagBag"}
{"timestamp":"2025-11-30T07:40:46.830410","level":"info","event":"Filling up the DagBag from /opt/airflow/dags/user.py","logger":"airflow.models.dagbag.DagBag"}
{"timestamp":"2025-11-30T07:41:17.707646","level":"info","event":"Filling up the DagBag from /opt/airflow/dags/user.py","logger":"airflow.models.dagbag.DagBag"}
{"timestamp":"2025-11-30T07:41:48.546917","level":"info","event":"Filling up the DagBag from /opt/airflow/dags/user.py","logger":"airflow.models.dagbag.DagBag"}
{"timestamp":"2025-11-30T07:42:19.399823","level":"info","event":"Filling up the DagBag from /opt/airflow/dags/user.py","logger":"airflow.models.dagbag.DagBag"}
{"timestamp":"2025-11-30T07:42:50.225878","level":"info","event":"Filling up the DagBag from /opt/airflow/dags/user.py","logger":"airflow.models.dagbag.DagBag"}
{"timestamp":"2025-11-30T07:43:46.621104","level":"info","event":"Filling up the DagBag from /opt/airflow/dags/user.py","logger":"airflow.models.dagbag.DagBag"}
{"timestamp":"2025-11-30T07:44:18.760010","level":"info","event":"Filling up the DagBag from /opt/airflow/dags/user.py","logger":"airflow.models.dagbag.DagBag"}
{"timestamp":"2025-11-30T07:44:49.734201","level":"info","event":"Filling up the DagBag from /opt/airflow/dags/user.py","logger":"airflow.models.dagbag.DagBag"}
{"timestamp":"2025-11-30T07:45:20.598349","level":"info","event":"Filling up the DagBag from /opt/airflow/dags/user.py","logger":"airflow.models.dagbag.DagBag"}
{"timestamp":"2025-11-30T07:45:50.890413","level":"info","event":"Filling up the DagBag from /opt/airflow/dags/user.py","logger":"airflow.models.dagbag.DagBag"}
{"timestamp":"2025-11-30T07:46:21.224715","level":"info","event":"Filling up the DagBag from /opt/airflow/dags/user.py","logger":"airflow.models.dagbag.DagBag"}
{"timestamp":"2025-11-30T07:46:52.117656","level":"info","event":"Filling up the DagBag from /opt/airflow/dags/user.py","logger":"airflow.models.dagbag.DagBag"}
{"timestamp":"2025-11-30T07:47:23.009551","level":"info","event":"Filling up the DagBag from /opt/airflow/dags/user.py","logger":"airflow.models.dagbag.DagBag"}
{"timestamp":"2025-11-30T07:47:53.833280","level":"info","event":"Filling up the DagBag from /opt/airflow/dags/user.py","logger":"airflow.models.dagbag.DagBag"}
{"timestamp":"2025-11-30T07:48:24.903092","level":"info","event":"Filling up the DagBag from /opt/airflow/dags/user.py","logger":"airflow.models.dagbag.DagBag"}
{"timestamp":"2025-11-30T07:48:55.361997","level":"info","event":"Filling up the DagBag from /opt/airflow/dags/user.py","logger":"airflow.models.dagbag.DagBag"}
{"timestamp":"2025-11-30T07:49:39.741392","level":"info","event":"Filling up the DagBag from /opt/airflow/dags/user.py","logger":"airflow.models.dagbag.DagBag"}
{"timestamp":"2025-11-30T07:50:12.219960","level":"info","event":"Filling up the DagBag from /opt/airflow/dags/user.py","logger":"airflow.models.dagbag.DagBag"}
{"timestamp":"2025-11-30T07:50:42.759189","level":"info","event":"Filling up the DagBag from /opt/airflow/dags/user.py","logger":"airflow.models.dagbag.DagBag"}
{"timestamp":"2025-11-30T07:51:13.545131","level":"info","event":"Filling up the DagBag from /opt/airflow/dags/user.py","logger":"airflow.models.dagbag.DagBag"}
{"timestamp":"2025-11-30T07:51:44.299661","level":"info","event":"Filling up the DagBag from /opt/airflow/dags/user.py","logger":"airflow.models.dagbag.DagBag"}
{"timestamp":"2025-11-30T07:52:15.103112","level":"info","event":"Filling up the DagBag from /opt/airflow/dags/user.py","logger":"airflow.models.dagbag.DagBag"}
{"timestamp":"2025-11-30T07:52:45.876382","level":"info","event":"Filling up the DagBag from /opt/airflow/dags/user.py","logger":"airflow.models.dagbag.DagBag"}
{"timestamp":"2025-11-30T07:53:16.723601","level":"info","event":"Filling up the DagBag from /opt/airflow/dags/user.py","logger":"airflow.models.dagbag.DagBag"}
{"timestamp":"2025-11-30T07:53:47.687971","level":"info","event":"Filling up the DagBag from /opt/airflow/dags/user.py","logger":"airflow.models.dagbag.DagBag"}
{"timestamp":"2025-11-30T07:54:18.591144","level":"info","event":"Filling up the DagBag from /opt/airflow/dags/user.py","logger":"airflow.models.dagbag.DagBag"}
{"timestamp":"2025-11-30T07:54:49.482950","level":"info","event":"Filling up the DagBag from /opt/airflow/dags/user.py","logger":"airflow.models.dagbag.DagBag"}
{"timestamp":"2025-11-30T07:55:20.291111","level":"info","event":"Filling up the DagBag from /opt/airflow/dags/user.py","logger":"airflow.models.dagbag.DagBag"}
{"timestamp":"2025-11-30T07:57:16.332517","level":"info","event":"Filling up the DagBag from /opt/airflow/dags/user.py","logger":"airflow.models.dagbag.DagBag"}
{"timestamp":"2025-11-30T07:57:49.297108","level":"info","event":"Filling up the DagBag from /opt/airflow/dags/user.py","logger":"airflow.models.dagbag.DagBag"}
{"timestamp":"2025-11-30T07:58:20.277362","level":"info","event":"Filling up the DagBag from /opt/airflow/dags/user.py","logger":"airflow.models.dagbag.DagBag"}
{"timestamp":"2025-11-30T07:58:51.073925","level":"info","event":"Filling up the DagBag from /opt/airflow/dags/user.py","logger":"airflow.models.dagbag.DagBag"}
{"timestamp":"2025-11-30T07:59:21.897417","level":"info","event":"Filling up the DagBag from /opt/airflow/dags/user.py","logger":"airflow.models.dagbag.DagBag"}
{"timestamp":"2025-11-30T07:59:52.722343","level":"info","event":"Filling up the DagBag from /opt/airflow/dags/user.py","logger":"airflow.models.dagbag.DagBag"}
{"timestamp":"2025-11-30T08:00:23.612782","level":"info","event":"Filling up the DagBag from /opt/airflow/dags/user.py","logger":"airflow.models.dagbag.DagBag"}
{"timestamp":"2025-11-30T08:00:54.735088","level":"info","event":"Filling up the DagBag from /opt/airflow/dags/user.py","logger":"airflow.models.dagbag.DagBag"}
{"timestamp":"2025-11-30T08:01:25.762275","level":"info","event":"Filling up the DagBag from /opt/airflow/dags/user.py","logger":"airflow.models.dagbag.DagBag"}
{"timestamp":"2025-11-30T08:01:56.824868","level":"info","event":"Filling up the DagBag from /opt/airflow/dags/user.py","logger":"airflow.models.dagbag.DagBag"}
{"timestamp":"2025-11-30T08:02:27.138529","level":"info","event":"Filling up the DagBag from /opt/airflow/dags/user.py","logger":"airflow.models.dagbag.DagBag"}
{"timestamp":"2025-11-30T08:02:57.923083","level":"info","event":"Filling up the DagBag from /opt/airflow/dags/user.py","logger":"airflow.models.dagbag.DagBag"}
{"timestamp":"2025-11-30T08:03:28.751896","level":"info","event":"Filling up the DagBag from /opt/airflow/dags/user.py","logger":"airflow.models.dagbag.DagBag"}
{"timestamp":"2025-11-30T08:03:59.654986","level":"info","event":"Filling up the DagBag from /opt/airflow/dags/user.py","logger":"airflow.models.dagbag.DagBag"}
{"timestamp":"2025-11-30T08:04:30.004610","level":"info","event":"Filling up the DagBag from /opt/airflow/dags/user.py","logger":"airflow.models.dagbag.DagBag"}
{"timestamp":"2025-11-30T08:05:00.835315","level":"info","event":"Filling up the DagBag from /opt/airflow/dags/user.py","logger":"airflow.models.dagbag.DagBag"}
{"timestamp":"2025-11-30T08:05:31.210658","level":"info","event":"Filling up the DagBag from /opt/airflow/dags/user.py","logger":"airflow.models.dagbag.DagBag"}
{"timestamp":"2025-11-30T08:06:01.671924","level":"info","event":"Filling up the DagBag from /opt/airflow/dags/user.py","logger":"airflow.models.dagbag.DagBag"}
{"timestamp":"2025-11-30T08:16:14.984461","level":"info","event":"Filling up the DagBag from /opt/airflow/dags/user.py","logger":"airflow.models.dagbag.DagBag"}
{"timestamp":"2025-11-30T08:18:17.372744","level":"info","event":"Filling up the DagBag from /opt/airflow/dags/user.py","logger":"airflow.models.dagbag.DagBag"}
{"timestamp":"2025-11-30T08:18:47.913267","level":"info","event":"Filling up the DagBag from /opt/airflow/dags/user.py","logger":"airflow.models.dagbag.DagBag"}
{"timestamp":"2025-11-30T08:19:48.869684","level":"info","event":"Filling up the DagBag from /opt/airflow/dags/user.py","logger":"airflow.models.dagbag.DagBag"}
{"timestamp":"2025-11-30T08:21:20.197629","level":"info","event":"Filling up the DagBag from /opt/airflow/dags/user.py","logger":"airflow.models.dagbag.DagBag"}
{"timestamp":"2025-11-30T08:21:50.694045","level":"info","event":"Filling up the DagBag from /opt/airflow/dags/user.py","logger":"airflow.models.dagbag.DagBag"}
{"timestamp":"2025-11-30T08:22:26.300135","level":"info","event":"Filling up the DagBag from /opt/airflow/dags/user.py","logger":"airflow.models.dagbag.DagBag"}
{"timestamp":"2025-11-30T09:27:27.932177","level":"info","event":"Filling up the DagBag from /opt/airflow/dags/user.py","logger":"airflow.models.dagbag.DagBag"}
{"timestamp":"2025-11-30T09:27:58.581585","level":"info","event":"Filling up the DagBag from /opt/airflow/dags/user.py","logger":"airflow.models.dagbag.DagBag"}
{"timestamp":"2025-11-30T09:29:30.163647","level":"info","event":"Filling up the DagBag from /opt/airflow/dags/user.py","logger":"airflow.models.dagbag.DagBag"}
{"timestamp":"2025-11-30T09:31:32.443671","level":"info","event":"Filling up the DagBag from /opt/airflow/dags/user.py","logger":"airflow.models.dagbag.DagBag"}
{"timestamp":"2025-11-30T09:32:33.748054","level":"info","event":"Filling up the DagBag from /opt/airflow/dags/user.py","logger":"airflow.models.dagbag.DagBag"}
{"timestamp":"2025-11-30T09:33:04.396085","level":"info","event":"Filling up the DagBag from /opt/airflow/dags/user.py","logger":"airflow.models.dagbag.DagBag"}
{"timestamp":"2025-11-30T09:34:10.597566","level":"info","event":"Filling up the DagBag from /opt/airflow/dags/user.py","logger":"airflow.models.dagbag.DagBag"}
{"timestamp":"2025-11-30T09:35:11.731052","level":"info","event":"Filling up the DagBag from /opt/airflow/dags/user.py","logger":"airflow.models.dagbag.DagBag"}
{"timestamp":"2025-11-30T09:36:12.968540","level":"info","event":"Filling up the DagBag from /opt/airflow/dags/user.py","logger":"airflow.models.dagbag.DagBag"}
